2018-08-19 16:23:54.846 INFO  org.springframework.boot.test.context.SpringBootTestContextBootstrapper Line:308 - Neither @ContextConfiguration nor @ContextHierarchy found for test class [com.provide.AdminProvideApplicationTests], using SpringBootContextLoader
2018-08-19 16:23:54.855 INFO  org.springframework.test.context.support.AbstractContextLoader Line:264 - Could not detect default resource locations for test class [com.provide.AdminProvideApplicationTests]: no resource found for suffixes {-context.xml, Context.groovy}.
2018-08-19 16:23:54.858 INFO  org.springframework.test.context.support.AnnotationConfigContextLoaderUtils Line:83  - Could not detect default configuration classes for test class [com.provide.AdminProvideApplicationTests]: AdminProvideApplicationTests does not declare any static, non-private, non-final, nested classes annotated with @Configuration.
2018-08-19 16:23:54.981 INFO  org.springframework.boot.test.context.SpringBootTestContextBootstrapper Line:247 - Found @SpringBootConfiguration com.provide.AdminProvideApplication for test class com.provide.AdminProvideApplicationTests
2018-08-19 16:23:55.129 INFO  org.springframework.boot.test.context.SpringBootTestContextBootstrapper Line:248 - Loaded default TestExecutionListener class names from location [META-INF/spring.factories]: [org.springframework.boot.test.mock.mockito.MockitoTestExecutionListener, org.springframework.boot.test.mock.mockito.ResetMocksTestExecutionListener, org.springframework.boot.test.autoconfigure.restdocs.RestDocsTestExecutionListener, org.springframework.boot.test.autoconfigure.web.client.MockRestServiceServerResetTestExecutionListener, org.springframework.boot.test.autoconfigure.web.servlet.MockMvcPrintOnlyOnFailureTestExecutionListener, org.springframework.boot.test.autoconfigure.web.servlet.WebDriverTestExecutionListener, org.springframework.test.context.web.ServletTestExecutionListener, org.springframework.test.context.support.DirtiesContextBeforeModesTestExecutionListener, org.springframework.test.context.support.DependencyInjectionTestExecutionListener, org.springframework.test.context.support.DirtiesContextTestExecutionListener, org.springframework.test.context.transaction.TransactionalTestExecutionListener, org.springframework.test.context.jdbc.SqlScriptsTestExecutionListener]
2018-08-19 16:23:55.139 INFO  org.springframework.boot.test.context.SpringBootTestContextBootstrapper Line:177 - Using TestExecutionListeners: [org.springframework.test.context.web.ServletTestExecutionListener@76a4ebf2, org.springframework.test.context.support.DirtiesContextBeforeModesTestExecutionListener@2e8c1c9b, org.springframework.boot.test.mock.mockito.MockitoTestExecutionListener@53fe15ff, org.springframework.boot.test.autoconfigure.SpringBootDependencyInjectionTestExecutionListener@449a4f23, org.springframework.test.context.support.DirtiesContextTestExecutionListener@1530c739, org.springframework.boot.test.mock.mockito.ResetMocksTestExecutionListener@5b1669c0, org.springframework.boot.test.autoconfigure.restdocs.RestDocsTestExecutionListener@78e4deb0, org.springframework.boot.test.autoconfigure.web.client.MockRestServiceServerResetTestExecutionListener@6e9175d8, org.springframework.boot.test.autoconfigure.web.servlet.MockMvcPrintOnlyOnFailureTestExecutionListener@7d0b7e3c, org.springframework.boot.test.autoconfigure.web.servlet.WebDriverTestExecutionListener@15bb5034]
2018-08-19 16:23:55.495 INFO  org.springframework.context.annotation.AnnotationConfigApplicationContext Line:590 - Refreshing org.springframework.context.annotation.AnnotationConfigApplicationContext@6676f6a0: startup date [Sun Aug 19 16:23:55 CST 2018]; root of context hierarchy
2018-08-19 16:23:55.688 INFO  org.springframework.beans.factory.annotation.AutowiredAnnotationBeanPostProcessor Line:153 - JSR-330 'javax.inject.Inject' annotation found and supported for autowiring
2018-08-19 16:23:55.725 INFO  org.springframework.context.support.PostProcessorRegistrationDelegate$BeanPostProcessorChecker Line:326 - Bean 'configurationPropertiesRebinderAutoConfiguration' of type [org.springframework.cloud.autoconfigure.ConfigurationPropertiesRebinderAutoConfiguration$$EnhancerBySpringCGLIB$$bf72bca4] is not eligible for getting processed by all BeanPostProcessors (for example: not eligible for auto-proxying)
2018-08-19 16:23:55.962 INFO  com.provide.AdminProvideApplicationTests Line:662 - No active profile set, falling back to default profiles: default
2018-08-19 16:23:55.968 INFO  org.springframework.web.context.support.GenericWebApplicationContext Line:590 - Refreshing org.springframework.web.context.support.GenericWebApplicationContext@4fad94a7: startup date [Sun Aug 19 16:23:55 CST 2018]; parent: org.springframework.context.annotation.AnnotationConfigApplicationContext@6676f6a0
2018-08-19 16:23:56.908 INFO  org.springframework.cloud.context.scope.GenericScope Line:294 - BeanFactory id=cafbfbda-ea4a-3978-b5e4-263d3f300fb8
2018-08-19 16:23:56.962 INFO  org.springframework.beans.factory.annotation.AutowiredAnnotationBeanPostProcessor Line:153 - JSR-330 'javax.inject.Inject' annotation found and supported for autowiring
2018-08-19 16:23:57.097 INFO  org.springframework.context.support.PostProcessorRegistrationDelegate$BeanPostProcessorChecker Line:326 - Bean 'org.springframework.cloud.autoconfigure.ConfigurationPropertiesRebinderAutoConfiguration' of type [org.springframework.cloud.autoconfigure.ConfigurationPropertiesRebinderAutoConfiguration$$EnhancerBySpringCGLIB$$bf72bca4] is not eligible for getting processed by all BeanPostProcessors (for example: not eligible for auto-proxying)
2018-08-19 16:23:57.356 INFO  com.netflix.config.sources.URLConfigurationSource Line:122 - To enable URLs as dynamic configuration sources, define System property archaius.configurationSource.additionalUrls or make config.properties available on classpath.
2018-08-19 16:23:57.362 INFO  com.netflix.config.sources.URLConfigurationSource Line:122 - To enable URLs as dynamic configuration sources, define System property archaius.configurationSource.additionalUrls or make config.properties available on classpath.
2018-08-19 16:23:57.448 INFO  org.springframework.web.servlet.handler.SimpleUrlHandlerMapping Line:373 - Mapped URL path [/**/favicon.ico] onto handler of type [class org.springframework.web.servlet.resource.ResourceHttpRequestHandler]
2018-08-19 16:23:57.759 INFO  org.springframework.web.servlet.mvc.method.annotation.RequestMappingHandlerAdapter Line:574 - Looking for @ControllerAdvice: org.springframework.web.context.support.GenericWebApplicationContext@4fad94a7: startup date [Sun Aug 19 16:23:55 CST 2018]; parent: org.springframework.context.annotation.AnnotationConfigApplicationContext@6676f6a0
2018-08-19 16:23:57.824 INFO  org.springframework.web.servlet.mvc.method.annotation.RequestMappingHandlerMapping Line:547 - Mapped "{[/error]}" onto public org.springframework.http.ResponseEntity<java.util.Map<java.lang.String, java.lang.Object>> org.springframework.boot.autoconfigure.web.servlet.error.BasicErrorController.error(javax.servlet.http.HttpServletRequest)
2018-08-19 16:23:57.826 INFO  org.springframework.web.servlet.mvc.method.annotation.RequestMappingHandlerMapping Line:547 - Mapped "{[/error],produces=[text/html]}" onto public org.springframework.web.servlet.ModelAndView org.springframework.boot.autoconfigure.web.servlet.error.BasicErrorController.errorHtml(javax.servlet.http.HttpServletRequest,javax.servlet.http.HttpServletResponse)
2018-08-19 16:23:57.831 INFO  org.springframework.web.servlet.mvc.method.annotation.RequestMappingHandlerMapping Line:547 - Mapped "{[/],methods=[GET]}" onto public java.lang.String org.springframework.cloud.netflix.eureka.server.EurekaController.status(javax.servlet.http.HttpServletRequest,java.util.Map<java.lang.String, java.lang.Object>)
2018-08-19 16:23:57.832 INFO  org.springframework.web.servlet.mvc.method.annotation.RequestMappingHandlerMapping Line:547 - Mapped "{[/lastn],methods=[GET]}" onto public java.lang.String org.springframework.cloud.netflix.eureka.server.EurekaController.lastn(javax.servlet.http.HttpServletRequest,java.util.Map<java.lang.String, java.lang.Object>)
2018-08-19 16:23:57.858 INFO  org.springframework.web.servlet.handler.SimpleUrlHandlerMapping Line:373 - Mapped URL path [/webjars/**] onto handler of type [class org.springframework.web.servlet.resource.ResourceHttpRequestHandler]
2018-08-19 16:23:57.859 INFO  org.springframework.web.servlet.handler.SimpleUrlHandlerMapping Line:373 - Mapped URL path [/**] onto handler of type [class org.springframework.web.servlet.resource.ResourceHttpRequestHandler]
2018-08-19 16:23:58.789 INFO  org.springframework.ui.freemarker.SpringTemplateLoader Line:62  - SpringTemplateLoader for FreeMarker: using resource loader [org.springframework.web.context.support.GenericWebApplicationContext@4fad94a7: startup date [Sun Aug 19 16:23:55 CST 2018]; parent: org.springframework.context.annotation.AnnotationConfigApplicationContext@6676f6a0] and template loader path [classpath:/templates/]
2018-08-19 16:23:58.790 INFO  org.springframework.web.servlet.view.freemarker.FreeMarkerConfigurer Line:131 - ClassTemplateLoader for Spring macros added to FreeMarker configuration
2018-08-19 16:23:59.071 INFO  org.springframework.cloud.netflix.eureka.InstanceInfoFactory Line:71  - Setting initial instance status as: STARTING
2018-08-19 16:23:59.104 INFO  com.netflix.discovery.DiscoveryClient Line:349 - Initializing Eureka in region us-east-1
2018-08-19 16:23:59.105 INFO  com.netflix.discovery.DiscoveryClient Line:352 - Client configured to neither register nor query for data.
2018-08-19 16:23:59.115 INFO  com.netflix.discovery.DiscoveryClient Line:365 - Discovery Client initialized at timestamp 1534667039113 with initial instances count: 0
2018-08-19 16:23:59.160 INFO  com.netflix.eureka.DefaultEurekaServerContext Line:63  - Initializing ...
2018-08-19 16:23:59.178 INFO  com.netflix.eureka.registry.AbstractInstanceRegistry Line:151 - Finished initializing remote region registries. All known remote regions: []
2018-08-19 16:23:59.180 INFO  com.netflix.eureka.DefaultEurekaServerContext Line:70  - Initialized
2018-08-19 16:23:59.309 INFO  org.springframework.boot.actuate.endpoint.web.EndpointLinksResolver Line:59  - Exposing 2 endpoint(s) beneath base path '/actuator'
2018-08-19 16:23:59.325 INFO  org.springframework.boot.actuate.endpoint.web.servlet.WebMvcEndpointHandlerMapping Line:547 - Mapped "{[/actuator/health],methods=[GET],produces=[application/vnd.spring-boot.actuator.v2+json || application/json]}" onto public java.lang.Object org.springframework.boot.actuate.endpoint.web.servlet.AbstractWebMvcEndpointHandlerMapping$OperationHandler.handle(javax.servlet.http.HttpServletRequest,java.util.Map<java.lang.String, java.lang.String>)
2018-08-19 16:23:59.326 INFO  org.springframework.boot.actuate.endpoint.web.servlet.WebMvcEndpointHandlerMapping Line:547 - Mapped "{[/actuator/info],methods=[GET],produces=[application/vnd.spring-boot.actuator.v2+json || application/json]}" onto public java.lang.Object org.springframework.boot.actuate.endpoint.web.servlet.AbstractWebMvcEndpointHandlerMapping$OperationHandler.handle(javax.servlet.http.HttpServletRequest,java.util.Map<java.lang.String, java.lang.String>)
2018-08-19 16:23:59.327 INFO  org.springframework.boot.actuate.endpoint.web.servlet.WebMvcEndpointHandlerMapping Line:547 - Mapped "{[/actuator],methods=[GET],produces=[application/vnd.spring-boot.actuator.v2+json || application/json]}" onto protected java.util.Map<java.lang.String, java.util.Map<java.lang.String, org.springframework.boot.actuate.endpoint.web.Link>> org.springframework.boot.actuate.endpoint.web.servlet.WebMvcEndpointHandlerMapping.links(javax.servlet.http.HttpServletRequest,javax.servlet.http.HttpServletResponse)
2018-08-19 16:23:59.408 INFO  org.springframework.context.support.DefaultLifecycleProcessor Line:351 - Starting beans in phase 0
2018-08-19 16:23:59.419 INFO  org.springframework.cloud.netflix.eureka.server.EurekaServerBootstrap Line:109 - Setting the eureka configuration..
2018-08-19 16:23:59.419 INFO  org.springframework.cloud.netflix.eureka.server.EurekaServerBootstrap Line:114 - Eureka data center value eureka.datacenter is not set, defaulting to default
2018-08-19 16:23:59.420 INFO  org.springframework.cloud.netflix.eureka.server.EurekaServerBootstrap Line:128 - Eureka environment value eureka.environment is not set, defaulting to test
2018-08-19 16:23:59.437 INFO  org.springframework.cloud.netflix.eureka.server.EurekaServerBootstrap Line:184 - isAws returned false
2018-08-19 16:23:59.438 INFO  com.provide.AdminProvideApplicationTests Line:59  - Started AdminProvideApplicationTests in 4.263 seconds (JVM running for 5.224)
2018-08-19 16:23:59.438 INFO  org.springframework.cloud.netflix.eureka.server.EurekaServerBootstrap Line:152 - Initialized server context
2018-08-19 16:23:59.438 INFO  com.netflix.eureka.registry.PeerAwareInstanceRegistryImpl Line:242 - Got 1 instances from neighboring DS node
2018-08-19 16:23:59.438 INFO  com.netflix.eureka.registry.PeerAwareInstanceRegistryImpl Line:243 - Renew threshold is: 1
2018-08-19 16:23:59.439 INFO  com.netflix.eureka.registry.PeerAwareInstanceRegistryImpl Line:254 - Changing status to UP
2018-08-19 16:23:59.451 INFO  org.springframework.cloud.netflix.eureka.server.EurekaServerInitializerConfiguration Line:72  - Started Eureka Server
2018-08-19 16:23:59.584 INFO  org.springframework.web.context.support.GenericWebApplicationContext Line:993 - Closing org.springframework.web.context.support.GenericWebApplicationContext@4fad94a7: startup date [Sun Aug 19 16:23:55 CST 2018]; parent: org.springframework.context.annotation.AnnotationConfigApplicationContext@6676f6a0
2018-08-19 16:23:59.587 INFO  org.springframework.cloud.netflix.eureka.serviceregistry.EurekaServiceRegistry Line:65  - Unregistering application admin_provide with eureka with status DOWN
2018-08-19 16:23:59.594 INFO  org.springframework.context.support.DefaultLifecycleProcessor Line:366 - Stopping beans in phase 0
2018-08-19 16:23:59.595 INFO  com.netflix.eureka.DefaultEurekaServerContext Line:76  - Shutting down ...
2018-08-19 16:23:59.600 INFO  com.netflix.eureka.DefaultEurekaServerContext Line:79  - Shut down
2018-08-19 16:23:59.607 INFO  com.netflix.discovery.DiscoveryClient Line:888 - Shutting down DiscoveryClient ...
2018-08-19 16:23:59.607 INFO  com.netflix.discovery.DiscoveryClient Line:911 - Completed shut down of DiscoveryClient
