2018-08-27 16:39:00.790 INFO  org.springframework.boot.test.context.SpringBootTestContextBootstrapper Line:308 - Neither @ContextConfiguration nor @ContextHierarchy found for test class [com.provide.AdminProvideApplicationTests], using SpringBootContextLoader
2018-08-27 16:39:00.802 INFO  org.springframework.test.context.support.AbstractContextLoader Line:264 - Could not detect default resource locations for test class [com.provide.AdminProvideApplicationTests]: no resource found for suffixes {-context.xml, Context.groovy}.
2018-08-27 16:39:00.803 INFO  org.springframework.test.context.support.AnnotationConfigContextLoaderUtils Line:83  - Could not detect default configuration classes for test class [com.provide.AdminProvideApplicationTests]: AdminProvideApplicationTests does not declare any static, non-private, non-final, nested classes annotated with @Configuration.
2018-08-27 16:39:00.947 INFO  org.springframework.boot.test.context.SpringBootTestContextBootstrapper Line:247 - Found @SpringBootConfiguration com.provide.AdminProvideApplication for test class com.provide.AdminProvideApplicationTests
2018-08-27 16:39:01.092 INFO  org.springframework.boot.test.context.SpringBootTestContextBootstrapper Line:248 - Loaded default TestExecutionListener class names from location [META-INF/spring.factories]: [org.springframework.boot.test.mock.mockito.MockitoTestExecutionListener, org.springframework.boot.test.mock.mockito.ResetMocksTestExecutionListener, org.springframework.boot.test.autoconfigure.restdocs.RestDocsTestExecutionListener, org.springframework.boot.test.autoconfigure.web.client.MockRestServiceServerResetTestExecutionListener, org.springframework.boot.test.autoconfigure.web.servlet.MockMvcPrintOnlyOnFailureTestExecutionListener, org.springframework.boot.test.autoconfigure.web.servlet.WebDriverTestExecutionListener, org.springframework.test.context.web.ServletTestExecutionListener, org.springframework.test.context.support.DirtiesContextBeforeModesTestExecutionListener, org.springframework.test.context.support.DependencyInjectionTestExecutionListener, org.springframework.test.context.support.DirtiesContextTestExecutionListener, org.springframework.test.context.transaction.TransactionalTestExecutionListener, org.springframework.test.context.jdbc.SqlScriptsTestExecutionListener]
2018-08-27 16:39:01.104 INFO  org.springframework.boot.test.context.SpringBootTestContextBootstrapper Line:177 - Using TestExecutionListeners: [org.springframework.test.context.web.ServletTestExecutionListener@449a4f23, org.springframework.test.context.support.DirtiesContextBeforeModesTestExecutionListener@1530c739, org.springframework.boot.test.mock.mockito.MockitoTestExecutionListener@5b1669c0, org.springframework.boot.test.autoconfigure.SpringBootDependencyInjectionTestExecutionListener@78e4deb0, org.springframework.test.context.support.DirtiesContextTestExecutionListener@6e9175d8, org.springframework.boot.test.mock.mockito.ResetMocksTestExecutionListener@7d0b7e3c, org.springframework.boot.test.autoconfigure.restdocs.RestDocsTestExecutionListener@15bb5034, org.springframework.boot.test.autoconfigure.web.client.MockRestServiceServerResetTestExecutionListener@4b741d6d, org.springframework.boot.test.autoconfigure.web.servlet.MockMvcPrintOnlyOnFailureTestExecutionListener@2eae8e6e, org.springframework.boot.test.autoconfigure.web.servlet.WebDriverTestExecutionListener@8f2ef19]
2018-08-27 16:39:01.473 INFO  org.springframework.context.annotation.AnnotationConfigApplicationContext Line:590 - Refreshing org.springframework.context.annotation.AnnotationConfigApplicationContext@5026735c: startup date [Mon Aug 27 16:39:01 CST 2018]; root of context hierarchy
2018-08-27 16:39:01.659 INFO  org.springframework.beans.factory.annotation.AutowiredAnnotationBeanPostProcessor Line:153 - JSR-330 'javax.inject.Inject' annotation found and supported for autowiring
2018-08-27 16:39:01.697 INFO  org.springframework.context.support.PostProcessorRegistrationDelegate$BeanPostProcessorChecker Line:326 - Bean 'configurationPropertiesRebinderAutoConfiguration' of type [org.springframework.cloud.autoconfigure.ConfigurationPropertiesRebinderAutoConfiguration$$EnhancerBySpringCGLIB$$592590fe] is not eligible for getting processed by all BeanPostProcessors (for example: not eligible for auto-proxying)
2018-08-27 16:39:01.965 INFO  com.provide.AdminProvideApplicationTests Line:662 - No active profile set, falling back to default profiles: default
2018-08-27 16:39:01.970 INFO  org.springframework.web.context.support.GenericWebApplicationContext Line:590 - Refreshing org.springframework.web.context.support.GenericWebApplicationContext@5241cf67: startup date [Mon Aug 27 16:39:01 CST 2018]; parent: org.springframework.context.annotation.AnnotationConfigApplicationContext@5026735c
2018-08-27 16:39:02.884 INFO  org.springframework.cloud.context.scope.GenericScope Line:294 - BeanFactory id=cafbfbda-ea4a-3978-b5e4-263d3f300fb8
2018-08-27 16:39:02.937 INFO  org.springframework.beans.factory.annotation.AutowiredAnnotationBeanPostProcessor Line:153 - JSR-330 'javax.inject.Inject' annotation found and supported for autowiring
2018-08-27 16:39:03.105 INFO  org.springframework.context.support.PostProcessorRegistrationDelegate$BeanPostProcessorChecker Line:326 - Bean 'org.springframework.cloud.autoconfigure.ConfigurationPropertiesRebinderAutoConfiguration' of type [org.springframework.cloud.autoconfigure.ConfigurationPropertiesRebinderAutoConfiguration$$EnhancerBySpringCGLIB$$592590fe] is not eligible for getting processed by all BeanPostProcessors (for example: not eligible for auto-proxying)
2018-08-27 16:39:03.357 INFO  com.netflix.config.sources.URLConfigurationSource Line:122 - To enable URLs as dynamic configuration sources, define System property archaius.configurationSource.additionalUrls or make config.properties available on classpath.
2018-08-27 16:39:03.365 INFO  com.netflix.config.sources.URLConfigurationSource Line:122 - To enable URLs as dynamic configuration sources, define System property archaius.configurationSource.additionalUrls or make config.properties available on classpath.
2018-08-27 16:39:03.451 INFO  org.springframework.web.servlet.handler.SimpleUrlHandlerMapping Line:373 - Mapped URL path [/**/favicon.ico] onto handler of type [class org.springframework.web.servlet.resource.ResourceHttpRequestHandler]
2018-08-27 16:39:03.740 INFO  org.springframework.web.servlet.mvc.method.annotation.RequestMappingHandlerAdapter Line:574 - Looking for @ControllerAdvice: org.springframework.web.context.support.GenericWebApplicationContext@5241cf67: startup date [Mon Aug 27 16:39:01 CST 2018]; parent: org.springframework.context.annotation.AnnotationConfigApplicationContext@5026735c
2018-08-27 16:39:03.819 INFO  org.springframework.web.servlet.mvc.method.annotation.RequestMappingHandlerMapping Line:547 - Mapped "{[/error]}" onto public org.springframework.http.ResponseEntity<java.util.Map<java.lang.String, java.lang.Object>> org.springframework.boot.autoconfigure.web.servlet.error.BasicErrorController.error(javax.servlet.http.HttpServletRequest)
2018-08-27 16:39:03.821 INFO  org.springframework.web.servlet.mvc.method.annotation.RequestMappingHandlerMapping Line:547 - Mapped "{[/error],produces=[text/html]}" onto public org.springframework.web.servlet.ModelAndView org.springframework.boot.autoconfigure.web.servlet.error.BasicErrorController.errorHtml(javax.servlet.http.HttpServletRequest,javax.servlet.http.HttpServletResponse)
2018-08-27 16:39:03.827 INFO  org.springframework.web.servlet.mvc.method.annotation.RequestMappingHandlerMapping Line:547 - Mapped "{[/],methods=[GET]}" onto public java.lang.String org.springframework.cloud.netflix.eureka.server.EurekaController.status(javax.servlet.http.HttpServletRequest,java.util.Map<java.lang.String, java.lang.Object>)
2018-08-27 16:39:03.827 INFO  org.springframework.web.servlet.mvc.method.annotation.RequestMappingHandlerMapping Line:547 - Mapped "{[/lastn],methods=[GET]}" onto public java.lang.String org.springframework.cloud.netflix.eureka.server.EurekaController.lastn(javax.servlet.http.HttpServletRequest,java.util.Map<java.lang.String, java.lang.Object>)
2018-08-27 16:39:03.860 INFO  org.springframework.web.servlet.handler.SimpleUrlHandlerMapping Line:373 - Mapped URL path [/webjars/**] onto handler of type [class org.springframework.web.servlet.resource.ResourceHttpRequestHandler]
2018-08-27 16:39:03.861 INFO  org.springframework.web.servlet.handler.SimpleUrlHandlerMapping Line:373 - Mapped URL path [/**] onto handler of type [class org.springframework.web.servlet.resource.ResourceHttpRequestHandler]
2018-08-27 16:39:04.801 INFO  org.springframework.ui.freemarker.SpringTemplateLoader Line:62  - SpringTemplateLoader for FreeMarker: using resource loader [org.springframework.web.context.support.GenericWebApplicationContext@5241cf67: startup date [Mon Aug 27 16:39:01 CST 2018]; parent: org.springframework.context.annotation.AnnotationConfigApplicationContext@5026735c] and template loader path [classpath:/templates/]
2018-08-27 16:39:04.802 INFO  org.springframework.web.servlet.view.freemarker.FreeMarkerConfigurer Line:131 - ClassTemplateLoader for Spring macros added to FreeMarker configuration
2018-08-27 16:39:05.078 INFO  org.springframework.cloud.netflix.eureka.InstanceInfoFactory Line:71  - Setting initial instance status as: STARTING
2018-08-27 16:39:05.114 INFO  com.netflix.discovery.DiscoveryClient Line:349 - Initializing Eureka in region us-east-1
2018-08-27 16:39:05.115 INFO  com.netflix.discovery.DiscoveryClient Line:352 - Client configured to neither register nor query for data.
2018-08-27 16:39:05.126 INFO  com.netflix.discovery.DiscoveryClient Line:365 - Discovery Client initialized at timestamp 1535359145125 with initial instances count: 0
2018-08-27 16:39:05.172 INFO  com.netflix.eureka.DefaultEurekaServerContext Line:63  - Initializing ...
2018-08-27 16:39:05.189 INFO  com.netflix.eureka.registry.AbstractInstanceRegistry Line:151 - Finished initializing remote region registries. All known remote regions: []
2018-08-27 16:39:05.191 INFO  com.netflix.eureka.DefaultEurekaServerContext Line:70  - Initialized
2018-08-27 16:39:05.324 INFO  org.springframework.boot.actuate.endpoint.web.EndpointLinksResolver Line:59  - Exposing 2 endpoint(s) beneath base path '/actuator'
2018-08-27 16:39:05.340 INFO  org.springframework.boot.actuate.endpoint.web.servlet.WebMvcEndpointHandlerMapping Line:547 - Mapped "{[/actuator/health],methods=[GET],produces=[application/vnd.spring-boot.actuator.v2+json || application/json]}" onto public java.lang.Object org.springframework.boot.actuate.endpoint.web.servlet.AbstractWebMvcEndpointHandlerMapping$OperationHandler.handle(javax.servlet.http.HttpServletRequest,java.util.Map<java.lang.String, java.lang.String>)
2018-08-27 16:39:05.341 INFO  org.springframework.boot.actuate.endpoint.web.servlet.WebMvcEndpointHandlerMapping Line:547 - Mapped "{[/actuator/info],methods=[GET],produces=[application/vnd.spring-boot.actuator.v2+json || application/json]}" onto public java.lang.Object org.springframework.boot.actuate.endpoint.web.servlet.AbstractWebMvcEndpointHandlerMapping$OperationHandler.handle(javax.servlet.http.HttpServletRequest,java.util.Map<java.lang.String, java.lang.String>)
2018-08-27 16:39:05.343 INFO  org.springframework.boot.actuate.endpoint.web.servlet.WebMvcEndpointHandlerMapping Line:547 - Mapped "{[/actuator],methods=[GET],produces=[application/vnd.spring-boot.actuator.v2+json || application/json]}" onto protected java.util.Map<java.lang.String, java.util.Map<java.lang.String, org.springframework.boot.actuate.endpoint.web.Link>> org.springframework.boot.actuate.endpoint.web.servlet.WebMvcEndpointHandlerMapping.links(javax.servlet.http.HttpServletRequest,javax.servlet.http.HttpServletResponse)
2018-08-27 16:39:05.415 INFO  org.springframework.context.support.DefaultLifecycleProcessor Line:351 - Starting beans in phase 0
2018-08-27 16:39:05.421 INFO  org.springframework.cloud.netflix.eureka.server.EurekaServerBootstrap Line:109 - Setting the eureka configuration..
2018-08-27 16:39:05.422 INFO  org.springframework.cloud.netflix.eureka.server.EurekaServerBootstrap Line:114 - Eureka data center value eureka.datacenter is not set, defaulting to default
2018-08-27 16:39:05.423 INFO  org.springframework.cloud.netflix.eureka.server.EurekaServerBootstrap Line:128 - Eureka environment value eureka.environment is not set, defaulting to test
2018-08-27 16:39:05.441 INFO  com.provide.AdminProvideApplicationTests Line:59  - Started AdminProvideApplicationTests in 4.297 seconds (JVM running for 5.32)
2018-08-27 16:39:05.441 INFO  org.springframework.cloud.netflix.eureka.server.EurekaServerBootstrap Line:184 - isAws returned false
2018-08-27 16:39:05.442 INFO  org.springframework.cloud.netflix.eureka.server.EurekaServerBootstrap Line:152 - Initialized server context
2018-08-27 16:39:05.443 INFO  com.netflix.eureka.registry.PeerAwareInstanceRegistryImpl Line:242 - Got 1 instances from neighboring DS node
2018-08-27 16:39:05.443 INFO  com.netflix.eureka.registry.PeerAwareInstanceRegistryImpl Line:243 - Renew threshold is: 1
2018-08-27 16:39:05.444 INFO  com.netflix.eureka.registry.PeerAwareInstanceRegistryImpl Line:254 - Changing status to UP
2018-08-27 16:39:05.459 INFO  org.springframework.cloud.netflix.eureka.server.EurekaServerInitializerConfiguration Line:72  - Started Eureka Server
2018-08-27 16:39:05.648 INFO  org.springframework.web.context.support.GenericWebApplicationContext Line:993 - Closing org.springframework.web.context.support.GenericWebApplicationContext@5241cf67: startup date [Mon Aug 27 16:39:01 CST 2018]; parent: org.springframework.context.annotation.AnnotationConfigApplicationContext@5026735c
2018-08-27 16:39:05.649 INFO  org.springframework.cloud.netflix.eureka.serviceregistry.EurekaServiceRegistry Line:65  - Unregistering application admin_provide with eureka with status DOWN
2018-08-27 16:39:05.652 INFO  org.springframework.context.support.DefaultLifecycleProcessor Line:366 - Stopping beans in phase 0
2018-08-27 16:39:05.654 INFO  com.netflix.eureka.DefaultEurekaServerContext Line:76  - Shutting down ...
2018-08-27 16:39:05.658 INFO  com.netflix.eureka.DefaultEurekaServerContext Line:79  - Shut down
2018-08-27 16:39:05.664 INFO  com.netflix.discovery.DiscoveryClient Line:888 - Shutting down DiscoveryClient ...
2018-08-27 16:39:05.665 INFO  com.netflix.discovery.DiscoveryClient Line:911 - Completed shut down of DiscoveryClient
2018-09-30 15:24:25.152 INFO  org.springframework.boot.test.context.SpringBootTestContextBootstrapper Line:308 - Neither @ContextConfiguration nor @ContextHierarchy found for test class [com.provide.SystemProvideApplicationTests], using SpringBootContextLoader
2018-09-30 15:24:25.164 INFO  org.springframework.test.context.support.AbstractContextLoader Line:264 - Could not detect default resource locations for test class [com.provide.SystemProvideApplicationTests]: no resource found for suffixes {-context.xml, Context.groovy}.
2018-09-30 15:24:25.165 INFO  org.springframework.test.context.support.AnnotationConfigContextLoaderUtils Line:83  - Could not detect default configuration classes for test class [com.provide.SystemProvideApplicationTests]: SystemProvideApplicationTests does not declare any static, non-private, non-final, nested classes annotated with @Configuration.
2018-09-30 15:24:25.309 INFO  org.springframework.boot.test.context.SpringBootTestContextBootstrapper Line:247 - Found @SpringBootConfiguration com.provide.SystemProvideApplication for test class com.provide.SystemProvideApplicationTests
2018-09-30 15:24:25.454 INFO  org.springframework.boot.test.context.SpringBootTestContextBootstrapper Line:248 - Loaded default TestExecutionListener class names from location [META-INF/spring.factories]: [org.springframework.boot.test.mock.mockito.MockitoTestExecutionListener, org.springframework.boot.test.mock.mockito.ResetMocksTestExecutionListener, org.springframework.boot.test.autoconfigure.restdocs.RestDocsTestExecutionListener, org.springframework.boot.test.autoconfigure.web.client.MockRestServiceServerResetTestExecutionListener, org.springframework.boot.test.autoconfigure.web.servlet.MockMvcPrintOnlyOnFailureTestExecutionListener, org.springframework.boot.test.autoconfigure.web.servlet.WebDriverTestExecutionListener, org.springframework.test.context.web.ServletTestExecutionListener, org.springframework.test.context.support.DirtiesContextBeforeModesTestExecutionListener, org.springframework.test.context.support.DependencyInjectionTestExecutionListener, org.springframework.test.context.support.DirtiesContextTestExecutionListener, org.springframework.test.context.transaction.TransactionalTestExecutionListener, org.springframework.test.context.jdbc.SqlScriptsTestExecutionListener]
2018-09-30 15:24:25.465 INFO  org.springframework.boot.test.context.SpringBootTestContextBootstrapper Line:177 - Using TestExecutionListeners: [org.springframework.test.context.web.ServletTestExecutionListener@353352b6, org.springframework.test.context.support.DirtiesContextBeforeModesTestExecutionListener@4681c175, org.springframework.boot.test.mock.mockito.MockitoTestExecutionListener@57a78e3, org.springframework.boot.test.autoconfigure.SpringBootDependencyInjectionTestExecutionListener@402c4085, org.springframework.test.context.support.DirtiesContextTestExecutionListener@6fa51cd4, org.springframework.boot.test.mock.mockito.ResetMocksTestExecutionListener@2767e23c, org.springframework.boot.test.autoconfigure.restdocs.RestDocsTestExecutionListener@710c2b53, org.springframework.boot.test.autoconfigure.web.client.MockRestServiceServerResetTestExecutionListener@5386659f, org.springframework.boot.test.autoconfigure.web.servlet.MockMvcPrintOnlyOnFailureTestExecutionListener@14028087, org.springframework.boot.test.autoconfigure.web.servlet.WebDriverTestExecutionListener@cecf639]
2018-09-30 15:24:26.084 INFO  org.springframework.context.annotation.AnnotationConfigApplicationContext Line:590 - Refreshing org.springframework.context.annotation.AnnotationConfigApplicationContext@119cbf96: startup date [Sun Sep 30 15:24:26 CST 2018]; root of context hierarchy
2018-09-30 15:24:26.313 INFO  org.springframework.beans.factory.annotation.AutowiredAnnotationBeanPostProcessor Line:153 - JSR-330 'javax.inject.Inject' annotation found and supported for autowiring
2018-09-30 15:24:26.347 INFO  org.springframework.context.support.PostProcessorRegistrationDelegate$BeanPostProcessorChecker Line:326 - Bean 'configurationPropertiesRebinderAutoConfiguration' of type [org.springframework.cloud.autoconfigure.ConfigurationPropertiesRebinderAutoConfiguration$$EnhancerBySpringCGLIB$$e4186329] is not eligible for getting processed by all BeanPostProcessors (for example: not eligible for auto-proxying)
2018-09-30 15:24:26.655 INFO  com.provide.SystemProvideApplicationTests Line:662 - No active profile set, falling back to default profiles: default
2018-09-30 15:24:26.660 INFO  org.springframework.web.context.support.GenericWebApplicationContext Line:590 - Refreshing org.springframework.web.context.support.GenericWebApplicationContext@62679465: startup date [Sun Sep 30 15:24:26 CST 2018]; parent: org.springframework.context.annotation.AnnotationConfigApplicationContext@119cbf96
2018-09-30 15:24:27.609 INFO  org.springframework.cloud.context.scope.GenericScope Line:294 - BeanFactory id=2ae511cb-eac7-36bd-b701-3345ba999867
2018-09-30 15:24:27.667 INFO  org.springframework.beans.factory.annotation.AutowiredAnnotationBeanPostProcessor Line:153 - JSR-330 'javax.inject.Inject' annotation found and supported for autowiring
2018-09-30 15:24:27.870 INFO  org.springframework.context.support.PostProcessorRegistrationDelegate$BeanPostProcessorChecker Line:326 - Bean 'org.springframework.cloud.autoconfigure.ConfigurationPropertiesRebinderAutoConfiguration' of type [org.springframework.cloud.autoconfigure.ConfigurationPropertiesRebinderAutoConfiguration$$EnhancerBySpringCGLIB$$e4186329] is not eligible for getting processed by all BeanPostProcessors (for example: not eligible for auto-proxying)
2018-09-30 15:24:28.155 INFO  com.netflix.config.sources.URLConfigurationSource Line:122 - To enable URLs as dynamic configuration sources, define System property archaius.configurationSource.additionalUrls or make config.properties available on classpath.
2018-09-30 15:24:28.164 INFO  com.netflix.config.sources.URLConfigurationSource Line:122 - To enable URLs as dynamic configuration sources, define System property archaius.configurationSource.additionalUrls or make config.properties available on classpath.
2018-09-30 15:24:28.264 INFO  org.springframework.web.servlet.handler.SimpleUrlHandlerMapping Line:373 - Mapped URL path [/**/favicon.ico] onto handler of type [class org.springframework.web.servlet.resource.ResourceHttpRequestHandler]
2018-09-30 15:24:28.580 INFO  org.springframework.web.servlet.mvc.method.annotation.RequestMappingHandlerAdapter Line:574 - Looking for @ControllerAdvice: org.springframework.web.context.support.GenericWebApplicationContext@62679465: startup date [Sun Sep 30 15:24:26 CST 2018]; parent: org.springframework.context.annotation.AnnotationConfigApplicationContext@119cbf96
2018-09-30 15:24:28.649 INFO  org.springframework.web.servlet.mvc.method.annotation.RequestMappingHandlerMapping Line:547 - Mapped "{[/error]}" onto public org.springframework.http.ResponseEntity<java.util.Map<java.lang.String, java.lang.Object>> org.springframework.boot.autoconfigure.web.servlet.error.BasicErrorController.error(javax.servlet.http.HttpServletRequest)
2018-09-30 15:24:28.651 INFO  org.springframework.web.servlet.mvc.method.annotation.RequestMappingHandlerMapping Line:547 - Mapped "{[/error],produces=[text/html]}" onto public org.springframework.web.servlet.ModelAndView org.springframework.boot.autoconfigure.web.servlet.error.BasicErrorController.errorHtml(javax.servlet.http.HttpServletRequest,javax.servlet.http.HttpServletResponse)
2018-09-30 15:24:28.656 INFO  org.springframework.web.servlet.mvc.method.annotation.RequestMappingHandlerMapping Line:547 - Mapped "{[/],methods=[GET]}" onto public java.lang.String org.springframework.cloud.netflix.eureka.server.EurekaController.status(javax.servlet.http.HttpServletRequest,java.util.Map<java.lang.String, java.lang.Object>)
2018-09-30 15:24:28.658 INFO  org.springframework.web.servlet.mvc.method.annotation.RequestMappingHandlerMapping Line:547 - Mapped "{[/lastn],methods=[GET]}" onto public java.lang.String org.springframework.cloud.netflix.eureka.server.EurekaController.lastn(javax.servlet.http.HttpServletRequest,java.util.Map<java.lang.String, java.lang.Object>)
2018-09-30 15:24:28.689 INFO  org.springframework.web.servlet.handler.SimpleUrlHandlerMapping Line:373 - Mapped URL path [/webjars/**] onto handler of type [class org.springframework.web.servlet.resource.ResourceHttpRequestHandler]
2018-09-30 15:24:28.691 INFO  org.springframework.web.servlet.handler.SimpleUrlHandlerMapping Line:373 - Mapped URL path [/**] onto handler of type [class org.springframework.web.servlet.resource.ResourceHttpRequestHandler]
2018-09-30 15:24:29.797 INFO  org.springframework.ui.freemarker.SpringTemplateLoader Line:62  - SpringTemplateLoader for FreeMarker: using resource loader [org.springframework.web.context.support.GenericWebApplicationContext@62679465: startup date [Sun Sep 30 15:24:26 CST 2018]; parent: org.springframework.context.annotation.AnnotationConfigApplicationContext@119cbf96] and template loader path [classpath:/templates/]
2018-09-30 15:24:29.800 INFO  org.springframework.web.servlet.view.freemarker.FreeMarkerConfigurer Line:131 - ClassTemplateLoader for Spring macros added to FreeMarker configuration
2018-09-30 15:24:30.167 INFO  org.springframework.cloud.netflix.eureka.InstanceInfoFactory Line:71  - Setting initial instance status as: STARTING
2018-09-30 15:24:30.204 INFO  com.netflix.discovery.DiscoveryClient Line:349 - Initializing Eureka in region us-east-1
2018-09-30 15:24:30.206 INFO  com.netflix.discovery.DiscoveryClient Line:352 - Client configured to neither register nor query for data.
2018-09-30 15:24:30.217 INFO  com.netflix.discovery.DiscoveryClient Line:365 - Discovery Client initialized at timestamp 1538292270216 with initial instances count: 0
2018-09-30 15:24:30.270 INFO  com.netflix.eureka.DefaultEurekaServerContext Line:63  - Initializing ...
2018-09-30 15:24:30.291 INFO  com.netflix.eureka.registry.AbstractInstanceRegistry Line:151 - Finished initializing remote region registries. All known remote regions: []
2018-09-30 15:24:30.292 INFO  com.netflix.eureka.DefaultEurekaServerContext Line:70  - Initialized
2018-09-30 15:24:30.437 INFO  org.springframework.boot.actuate.endpoint.web.EndpointLinksResolver Line:59  - Exposing 2 endpoint(s) beneath base path '/actuator'
2018-09-30 15:24:30.451 INFO  org.springframework.boot.actuate.endpoint.web.servlet.WebMvcEndpointHandlerMapping Line:547 - Mapped "{[/actuator/health],methods=[GET],produces=[application/vnd.spring-boot.actuator.v2+json || application/json]}" onto public java.lang.Object org.springframework.boot.actuate.endpoint.web.servlet.AbstractWebMvcEndpointHandlerMapping$OperationHandler.handle(javax.servlet.http.HttpServletRequest,java.util.Map<java.lang.String, java.lang.String>)
2018-09-30 15:24:30.452 INFO  org.springframework.boot.actuate.endpoint.web.servlet.WebMvcEndpointHandlerMapping Line:547 - Mapped "{[/actuator/info],methods=[GET],produces=[application/vnd.spring-boot.actuator.v2+json || application/json]}" onto public java.lang.Object org.springframework.boot.actuate.endpoint.web.servlet.AbstractWebMvcEndpointHandlerMapping$OperationHandler.handle(javax.servlet.http.HttpServletRequest,java.util.Map<java.lang.String, java.lang.String>)
2018-09-30 15:24:30.454 INFO  org.springframework.boot.actuate.endpoint.web.servlet.WebMvcEndpointHandlerMapping Line:547 - Mapped "{[/actuator],methods=[GET],produces=[application/vnd.spring-boot.actuator.v2+json || application/json]}" onto protected java.util.Map<java.lang.String, java.util.Map<java.lang.String, org.springframework.boot.actuate.endpoint.web.Link>> org.springframework.boot.actuate.endpoint.web.servlet.WebMvcEndpointHandlerMapping.links(javax.servlet.http.HttpServletRequest,javax.servlet.http.HttpServletResponse)
2018-09-30 15:24:30.516 INFO  org.springframework.context.support.DefaultLifecycleProcessor Line:351 - Starting beans in phase 0
2018-09-30 15:24:30.537 INFO  com.provide.SystemProvideApplicationTests Line:59  - Started SystemProvideApplicationTests in 5.036 seconds (JVM running for 6.067)
2018-09-30 15:24:30.539 INFO  org.springframework.cloud.netflix.eureka.server.EurekaServerBootstrap Line:109 - Setting the eureka configuration..
2018-09-30 15:24:30.540 INFO  org.springframework.cloud.netflix.eureka.server.EurekaServerBootstrap Line:114 - Eureka data center value eureka.datacenter is not set, defaulting to default
2018-09-30 15:24:30.541 INFO  org.springframework.cloud.netflix.eureka.server.EurekaServerBootstrap Line:128 - Eureka environment value eureka.environment is not set, defaulting to test
2018-09-30 15:24:30.595 INFO  org.springframework.cloud.netflix.eureka.server.EurekaServerBootstrap Line:184 - isAws returned false
2018-09-30 15:24:30.595 INFO  org.springframework.cloud.netflix.eureka.server.EurekaServerBootstrap Line:152 - Initialized server context
2018-09-30 15:24:30.596 INFO  com.netflix.eureka.registry.PeerAwareInstanceRegistryImpl Line:242 - Got 1 instances from neighboring DS node
2018-09-30 15:24:30.596 INFO  com.netflix.eureka.registry.PeerAwareInstanceRegistryImpl Line:243 - Renew threshold is: 1
2018-09-30 15:24:30.596 INFO  com.netflix.eureka.registry.PeerAwareInstanceRegistryImpl Line:254 - Changing status to UP
2018-09-30 15:24:30.627 INFO  org.springframework.cloud.netflix.eureka.server.EurekaServerInitializerConfiguration Line:72  - Started Eureka Server
2018-09-30 15:24:30.698 INFO  org.springframework.web.context.support.GenericWebApplicationContext Line:993 - Closing org.springframework.web.context.support.GenericWebApplicationContext@62679465: startup date [Sun Sep 30 15:24:26 CST 2018]; parent: org.springframework.context.annotation.AnnotationConfigApplicationContext@119cbf96
2018-09-30 15:24:30.700 INFO  org.springframework.cloud.netflix.eureka.serviceregistry.EurekaServiceRegistry Line:65  - Unregistering application systemProvide with eureka with status DOWN
2018-09-30 15:24:30.709 INFO  org.springframework.context.support.DefaultLifecycleProcessor Line:366 - Stopping beans in phase 0
2018-09-30 15:24:30.711 INFO  com.netflix.eureka.DefaultEurekaServerContext Line:76  - Shutting down ...
2018-09-30 15:24:30.721 INFO  com.netflix.eureka.DefaultEurekaServerContext Line:79  - Shut down
2018-09-30 15:24:30.740 INFO  com.netflix.discovery.DiscoveryClient Line:888 - Shutting down DiscoveryClient ...
2018-09-30 15:24:30.741 INFO  com.netflix.discovery.DiscoveryClient Line:911 - Completed shut down of DiscoveryClient
