2018-08-19 17:16:31.222 INFO  org.springframework.context.annotation.AnnotationConfigApplicationContext Line:99  - Refreshing org.springframework.context.annotation.AnnotationConfigApplicationContext@4b7dc788: startup date [Sun Aug 19 17:16:31 CST 2018]; root of context hierarchy
2018-08-19 17:16:31.445 INFO  org.springframework.beans.factory.annotation.AutowiredAnnotationBeanPostProcessor Line:99  - JSR-330 'javax.inject.Inject' annotation found and supported for autowiring
2018-08-19 17:16:31.490 INFO  org.springframework.context.support.PostProcessorRegistrationDelegate$BeanPostProcessorChecker Line:99  - Bean 'configurationPropertiesRebinderAutoConfiguration' of type [org.springframework.cloud.autoconfigure.ConfigurationPropertiesRebinderAutoConfiguration$$EnhancerBySpringCGLIB$$c0269b46] is not eligible for getting processed by all BeanPostProcessors (for example: not eligible for auto-proxying)
2018-08-19 17:16:31.756 INFO  com.system.BaseClientApplicationTests Line:99  - No active profile set, falling back to default profiles: default
2018-08-19 17:16:31.762 INFO  org.springframework.web.context.support.GenericWebApplicationContext Line:99  - Refreshing org.springframework.web.context.support.GenericWebApplicationContext@423e4cbb: startup date [Sun Aug 19 17:16:31 CST 2018]; parent: org.springframework.context.annotation.AnnotationConfigApplicationContext@4b7dc788
2018-08-19 17:16:32.831 INFO  org.springframework.cloud.context.scope.GenericScope Line:99  - BeanFactory id=2d590f06-26bf-3e13-a847-e5b45c4cc66c
2018-08-19 17:16:32.922 INFO  org.springframework.beans.factory.annotation.AutowiredAnnotationBeanPostProcessor Line:99  - JSR-330 'javax.inject.Inject' annotation found and supported for autowiring
2018-08-19 17:16:33.270 INFO  org.springframework.context.support.PostProcessorRegistrationDelegate$BeanPostProcessorChecker Line:99  - Bean 'org.springframework.transaction.annotation.ProxyTransactionManagementConfiguration' of type [org.springframework.transaction.annotation.ProxyTransactionManagementConfiguration$$EnhancerBySpringCGLIB$$a40c9849] is not eligible for getting processed by all BeanPostProcessors (for example: not eligible for auto-proxying)
2018-08-19 17:16:33.319 INFO  org.springframework.context.support.PostProcessorRegistrationDelegate$BeanPostProcessorChecker Line:99  - Bean 'org.springframework.cloud.autoconfigure.ConfigurationPropertiesRebinderAutoConfiguration' of type [org.springframework.cloud.autoconfigure.ConfigurationPropertiesRebinderAutoConfiguration$$EnhancerBySpringCGLIB$$c0269b46] is not eligible for getting processed by all BeanPostProcessors (for example: not eligible for auto-proxying)
2018-08-19 17:16:33.396 INFO  com.system.dao.BaseDao Line:55  - Dao实现类是：com.system.bean.Admin
2018-08-19 17:16:33.398 INFO  com.system.dao.BaseDao Line:59  - 表名是：sys_admin
2018-08-19 17:16:33.399 INFO  com.system.dao.BaseDao Line:62  - 主键字段是：id
2018-08-19 17:16:33.413 INFO  com.alibaba.druid.spring.boot.autoconfigure.DruidDataSourceAutoConfigure Line:56  - Init DruidDataSource
2018-08-19 17:16:35.720 INFO  com.alibaba.druid.pool.DruidDataSource Line:930 - {dataSource-1} inited
2018-08-19 17:16:35.842 INFO  com.system.dao.BaseDao Line:55  - Dao实现类是：com.system.bean.Dictionary
2018-08-19 17:16:35.843 INFO  com.system.dao.BaseDao Line:59  - 表名是：sys_dictionary
2018-08-19 17:16:35.843 INFO  com.system.dao.BaseDao Line:62  - 主键字段是：id
2018-08-19 17:16:35.883 INFO  com.system.dao.BaseDao Line:55  - Dao实现类是：com.system.bean.Permission
2018-08-19 17:16:35.884 INFO  com.system.dao.BaseDao Line:59  - 表名是：sys_permission
2018-08-19 17:16:35.884 INFO  com.system.dao.BaseDao Line:62  - 主键字段是：id
2018-08-19 17:16:35.909 INFO  com.system.dao.BaseDao Line:55  - Dao实现类是：com.system.bean.Role
2018-08-19 17:16:35.910 INFO  com.system.dao.BaseDao Line:59  - 表名是：sys_role
2018-08-19 17:16:35.911 INFO  com.system.dao.BaseDao Line:62  - 主键字段是：id
2018-08-19 17:16:35.931 INFO  com.system.dao.BaseDao Line:55  - Dao实现类是：com.system.bean.RolePer
2018-08-19 17:16:35.932 INFO  com.system.dao.BaseDao Line:59  - 表名是：sys_role_per
2018-08-19 17:16:35.933 INFO  com.system.dao.BaseDao Line:62  - 主键字段是：null
2018-08-19 17:16:36.493 INFO  org.springframework.web.servlet.mvc.method.annotation.RequestMappingHandlerMapping Line:99  - Mapped "{[/admin],methods=[PUT],produces=[application/json;charset=UTF-8]}" onto public java.lang.String com.system.controller.AdminController.update(com.system.bean.Admin)
2018-08-19 17:16:36.494 INFO  org.springframework.web.servlet.mvc.method.annotation.RequestMappingHandlerMapping Line:99  - Mapped "{[/admin/login],methods=[POST]}" onto public com.system.bean.Admin com.system.controller.AdminController.login(java.lang.String,java.lang.String,javax.servlet.http.HttpServletRequest)
2018-08-19 17:16:36.495 INFO  org.springframework.web.servlet.mvc.method.annotation.RequestMappingHandlerMapping Line:99  - Mapped "{[/admin/{id}],methods=[DELETE],produces=[application/json;charset=UTF-8]}" onto public java.lang.String com.system.controller.AdminController.delAdmin(java.lang.Integer[])
2018-08-19 17:16:36.496 INFO  org.springframework.web.servlet.mvc.method.annotation.RequestMappingHandlerMapping Line:99  - Mapped "{[/admin],methods=[POST],produces=[application/json;charset=UTF-8]}" onto public java.lang.String com.system.controller.AdminController.addAdmin(com.system.bean.Admin,javax.servlet.http.HttpServletRequest)
2018-08-19 17:16:36.497 INFO  org.springframework.web.servlet.mvc.method.annotation.RequestMappingHandlerMapping Line:99  - Mapped "{[/admin/{id}],methods=[GET],produces=[application/json;charset=UTF-8]}" onto public java.lang.String com.system.controller.AdminController.getAdminById(java.lang.Integer)
2018-08-19 17:16:36.498 INFO  org.springframework.web.servlet.mvc.method.annotation.RequestMappingHandlerMapping Line:99  - Mapped "{[/admin/page/{page}],methods=[GET],produces=[application/json;charset=UTF-8]}" onto public java.lang.String com.system.controller.AdminController.getAdminPage(java.lang.Integer,java.lang.Integer)
2018-08-19 17:16:36.499 INFO  org.springframework.web.servlet.mvc.method.annotation.RequestMappingHandlerMapping Line:99  - Mapped "{[/admin/checkAccount],methods=[POST],produces=[application/json;charset=UTF-8]}" onto public java.lang.String com.system.controller.AdminController.checkAccount(java.lang.String,java.lang.Integer)
2018-08-19 17:16:36.502 INFO  org.springframework.web.servlet.mvc.method.annotation.RequestMappingHandlerMapping Line:99  - Mapped "{[/dic],methods=[POST],produces=[application/json;charset=UTF-8]}" onto public java.lang.String com.system.controller.DictionaryController.add(com.system.bean.Dictionary)
2018-08-19 17:16:36.502 INFO  org.springframework.web.servlet.mvc.method.annotation.RequestMappingHandlerMapping Line:99  - Mapped "{[/dic],methods=[PUT],produces=[application/json;charset=UTF-8]}" onto public java.lang.String com.system.controller.DictionaryController.update(com.system.bean.Dictionary)
2018-08-19 17:16:36.504 INFO  org.springframework.web.servlet.mvc.method.annotation.RequestMappingHandlerMapping Line:99  - Mapped "{[/dic],methods=[DELETE],produces=[application/json;charset=UTF-8]}" onto public java.lang.String com.system.controller.DictionaryController.delete(java.lang.Integer[])
2018-08-19 17:16:36.504 INFO  org.springframework.web.servlet.mvc.method.annotation.RequestMappingHandlerMapping Line:99  - Mapped "{[/dic/page/{page}],methods=[GET],produces=[application/json;charset=UTF-8]}" onto public java.lang.String com.system.controller.DictionaryController.getPage(java.lang.Integer,java.lang.Integer)
2018-08-19 17:16:36.505 INFO  org.springframework.web.servlet.mvc.method.annotation.RequestMappingHandlerMapping Line:99  - Mapped "{[/dic/{id}],methods=[GET],produces=[application/json;charset=UTF-8]}" onto public java.lang.String com.system.controller.DictionaryController.getDictionary(java.lang.Integer)
2018-08-19 17:16:36.506 INFO  org.springframework.web.servlet.mvc.method.annotation.RequestMappingHandlerMapping Line:99  - Mapped "{[/dic/check/code],methods=[GET],produces=[application/json;charset=UTF-8]}" onto public java.lang.String com.system.controller.DictionaryController.checkCode(java.lang.String,java.lang.Integer)
2018-08-19 17:16:36.508 INFO  org.springframework.web.servlet.mvc.method.annotation.RequestMappingHandlerMapping Line:99  - Mapped "{[/dic/check/value],methods=[GET],produces=[application/json;charset=UTF-8]}" onto public java.lang.String com.system.controller.DictionaryController.checkValue(java.lang.String,java.lang.Integer,java.lang.Integer)
2018-08-19 17:16:36.512 INFO  org.springframework.web.servlet.mvc.method.annotation.RequestMappingHandlerMapping Line:99  - Mapped "{[/per/checkPath],methods=[GET],produces=[application/json;charset=UTF-8]}" onto public java.lang.String com.system.controller.PermissionController.checkPath(java.lang.String,java.lang.Integer,java.lang.Integer)
2018-08-19 17:16:36.513 INFO  org.springframework.web.servlet.mvc.method.annotation.RequestMappingHandlerMapping Line:99  - Mapped "{[/per],methods=[POST],produces=[application/json;charset=UTF-8]}" onto public java.lang.String com.system.controller.PermissionController.addPermission(com.system.bean.Permission)
2018-08-19 17:16:36.514 INFO  org.springframework.web.servlet.mvc.method.annotation.RequestMappingHandlerMapping Line:99  - Mapped "{[/per/list],methods=[POST]}" onto public java.util.List<com.system.bean.Permission> com.system.controller.PermissionController.getRoleFunction(int)
2018-08-19 17:16:36.515 INFO  org.springframework.web.servlet.mvc.method.annotation.RequestMappingHandlerMapping Line:99  - Mapped "{[/per],methods=[PUT],produces=[application/json;charset=UTF-8]}" onto public java.lang.String com.system.controller.PermissionController.updatePermission(com.system.bean.Permission)
2018-08-19 17:16:36.516 INFO  org.springframework.web.servlet.mvc.method.annotation.RequestMappingHandlerMapping Line:99  - Mapped "{[/per/{id}],methods=[GET],produces=[application/json;charset=UTF-8]}" onto public java.lang.String com.system.controller.PermissionController.getPermissionById(java.lang.Integer)
2018-08-19 17:16:36.517 INFO  org.springframework.web.servlet.mvc.method.annotation.RequestMappingHandlerMapping Line:99  - Mapped "{[/per/{id}],methods=[DELETE],produces=[application/json;charset=UTF-8]}" onto public java.lang.String com.system.controller.PermissionController.deletePermission(java.lang.Integer)
2018-08-19 17:16:36.518 INFO  org.springframework.web.servlet.mvc.method.annotation.RequestMappingHandlerMapping Line:99  - Mapped "{[/per],methods=[GET],produces=[application/json;charset=UTF-8]}" onto public java.lang.String com.system.controller.PermissionController.getTreeList()
2018-08-19 17:16:36.521 INFO  org.springframework.web.servlet.mvc.method.annotation.RequestMappingHandlerMapping Line:99  - Mapped "{[/role/{id}],methods=[GET],produces=[application/json;charset=UTF-8]}" onto public java.lang.String com.system.controller.RoleController.getRole(java.lang.Integer)
2018-08-19 17:16:36.522 INFO  org.springframework.web.servlet.mvc.method.annotation.RequestMappingHandlerMapping Line:99  - Mapped "{[/role],methods=[POST],produces=[application/json;charset=UTF-8]}" onto public java.lang.String com.system.controller.RoleController.addRole(com.system.bean.Role)
2018-08-19 17:16:36.523 INFO  org.springframework.web.servlet.mvc.method.annotation.RequestMappingHandlerMapping Line:99  - Mapped "{[/role/page/{page}],methods=[GET],produces=[application/json;charset=UTF-8]}" onto public java.lang.String com.system.controller.RoleController.getPage(java.lang.Integer,java.lang.Integer)
2018-08-19 17:16:36.523 INFO  org.springframework.web.servlet.mvc.method.annotation.RequestMappingHandlerMapping Line:99  - Mapped "{[/role],methods=[GET],produces=[application/json;charset=UTF-8]}" onto public java.lang.String com.system.controller.RoleController.getList()
2018-08-19 17:16:36.524 INFO  org.springframework.web.servlet.mvc.method.annotation.RequestMappingHandlerMapping Line:99  - Mapped "{[/role/per/list/{role}],methods=[GET],produces=[application/json;charset=UTF-8]}" onto public java.lang.String com.system.controller.RoleController.getTreeList(java.lang.Integer)
2018-08-19 17:16:36.525 INFO  org.springframework.web.servlet.mvc.method.annotation.RequestMappingHandlerMapping Line:99  - Mapped "{[/role],methods=[PUT],produces=[application/json;charset=UTF-8]}" onto public java.lang.String com.system.controller.RoleController.updateRole(com.system.bean.Role)
2018-08-19 17:16:36.526 INFO  org.springframework.web.servlet.mvc.method.annotation.RequestMappingHandlerMapping Line:99  - Mapped "{[/role/{ids}],methods=[DELETE]}" onto public java.lang.String com.system.controller.RoleController.deleteRole(java.lang.Integer[])
2018-08-19 17:16:36.526 INFO  org.springframework.web.servlet.mvc.method.annotation.RequestMappingHandlerMapping Line:99  - Mapped "{[/role/per/{role}],methods=[POST],produces=[application/json;charset=UTF-8]}" onto public java.lang.String com.system.controller.RoleController.addRolePer(java.lang.Integer,java.lang.String)
2018-08-19 17:16:36.527 INFO  org.springframework.web.servlet.mvc.method.annotation.RequestMappingHandlerMapping Line:99  - Mapped "{[/role/per/{role}],methods=[GET],produces=[application/json;charset=UTF-8]}" onto public java.lang.String com.system.controller.RoleController.getRolePer(java.lang.Integer)
2018-08-19 17:16:36.529 INFO  org.springframework.web.servlet.mvc.method.annotation.RequestMappingHandlerMapping Line:99  - Mapped "{[/v2/api-docs],methods=[GET],produces=[application/json || application/hal+json]}" onto public org.springframework.http.ResponseEntity<springfox.documentation.spring.web.json.Json> springfox.documentation.swagger2.web.Swagger2Controller.getDocumentation(java.lang.String,javax.servlet.http.HttpServletRequest)
2018-08-19 17:16:36.533 INFO  org.springframework.web.servlet.mvc.method.annotation.RequestMappingHandlerMapping Line:99  - Mapped "{[/swagger-resources]}" onto org.springframework.http.ResponseEntity<java.util.List<springfox.documentation.swagger.web.SwaggerResource>> springfox.documentation.swagger.web.ApiResourceController.swaggerResources()
2018-08-19 17:16:36.534 INFO  org.springframework.web.servlet.mvc.method.annotation.RequestMappingHandlerMapping Line:99  - Mapped "{[/swagger-resources/configuration/security]}" onto org.springframework.http.ResponseEntity<springfox.documentation.swagger.web.SecurityConfiguration> springfox.documentation.swagger.web.ApiResourceController.securityConfiguration()
2018-08-19 17:16:36.534 INFO  org.springframework.web.servlet.mvc.method.annotation.RequestMappingHandlerMapping Line:99  - Mapped "{[/swagger-resources/configuration/ui]}" onto org.springframework.http.ResponseEntity<springfox.documentation.swagger.web.UiConfiguration> springfox.documentation.swagger.web.ApiResourceController.uiConfiguration()
2018-08-19 17:16:36.538 INFO  org.springframework.web.servlet.mvc.method.annotation.RequestMappingHandlerMapping Line:99  - Mapped "{[/error]}" onto public org.springframework.http.ResponseEntity<java.util.Map<java.lang.String, java.lang.Object>> org.springframework.boot.autoconfigure.web.servlet.error.BasicErrorController.error(javax.servlet.http.HttpServletRequest)
2018-08-19 17:16:36.539 INFO  org.springframework.web.servlet.mvc.method.annotation.RequestMappingHandlerMapping Line:99  - Mapped "{[/error],produces=[text/html]}" onto public org.springframework.web.servlet.ModelAndView org.springframework.boot.autoconfigure.web.servlet.error.BasicErrorController.errorHtml(javax.servlet.http.HttpServletRequest,javax.servlet.http.HttpServletResponse)
2018-08-19 17:16:36.787 INFO  org.springframework.web.servlet.handler.SimpleUrlHandlerMapping Line:99  - Mapped URL path [/static/**] onto handler of type [class org.springframework.web.servlet.resource.ResourceHttpRequestHandler]
2018-08-19 17:16:36.787 INFO  org.springframework.web.servlet.handler.SimpleUrlHandlerMapping Line:99  - Mapped URL path [/swagger-ui.html] onto handler of type [class org.springframework.web.servlet.resource.ResourceHttpRequestHandler]
2018-08-19 17:16:36.788 INFO  org.springframework.web.servlet.handler.SimpleUrlHandlerMapping Line:99  - Mapped URL path [/webjars/**] onto handler of type [class org.springframework.web.servlet.resource.ResourceHttpRequestHandler]
2018-08-19 17:16:36.869 INFO  org.springframework.web.servlet.mvc.method.annotation.RequestMappingHandlerAdapter Line:99  - Looking for @ControllerAdvice: org.springframework.web.context.support.GenericWebApplicationContext@423e4cbb: startup date [Sun Aug 19 17:16:31 CST 2018]; parent: org.springframework.context.annotation.AnnotationConfigApplicationContext@4b7dc788
2018-08-19 17:16:37.233 INFO  com.netflix.config.sources.URLConfigurationSource Line:122 - To enable URLs as dynamic configuration sources, define System property archaius.configurationSource.additionalUrls or make config.properties available on classpath.
2018-08-19 17:16:37.240 INFO  com.netflix.config.sources.URLConfigurationSource Line:122 - To enable URLs as dynamic configuration sources, define System property archaius.configurationSource.additionalUrls or make config.properties available on classpath.
2018-08-19 17:16:38.353 INFO  org.springframework.context.support.DefaultLifecycleProcessor Line:99  - Starting beans in phase 0
2018-08-19 17:16:38.366 INFO  org.springframework.context.support.DefaultLifecycleProcessor Line:99  - Starting beans in phase 2147483647
2018-08-19 17:16:38.367 INFO  springfox.documentation.spring.web.plugins.DocumentationPluginsBootstrapper Line:120 - Context refreshed
2018-08-19 17:16:38.389 INFO  springfox.documentation.spring.web.plugins.DocumentationPluginsBootstrapper Line:123 - Found 1 custom documentation plugin(s)
2018-08-19 17:16:38.413 INFO  springfox.documentation.spring.web.scanners.ApiListingReferenceScanner Line:41  - Scanning for api listing references
2018-08-19 17:16:38.618 INFO  springfox.documentation.spring.web.readers.operation.CachingOperationNameGenerator Line:40  - Generating unique operation named: updateUsingPUT_1
2018-08-19 17:16:38.699 INFO  springfox.documentation.spring.web.readers.operation.CachingOperationNameGenerator Line:40  - Generating unique operation named: getPageUsingGET_1
2018-08-19 17:16:38.708 INFO  springfox.documentation.spring.web.readers.operation.CachingOperationNameGenerator Line:40  - Generating unique operation named: getTreeListUsingGET_1
2018-08-19 17:16:38.735 INFO  com.system.BaseClientApplicationTests Line:99  - Started BaseClientApplicationTests in 7.993 seconds (JVM running for 8.728)
2018-08-19 17:16:38.892 INFO  org.springframework.web.context.support.GenericWebApplicationContext Line:99  - Closing org.springframework.web.context.support.GenericWebApplicationContext@423e4cbb: startup date [Sun Aug 19 17:16:31 CST 2018]; parent: org.springframework.context.annotation.AnnotationConfigApplicationContext@4b7dc788
2018-08-19 17:16:38.938 INFO  com.alibaba.druid.pool.DruidDataSource Line:1825 - {dataSource-1} closed
2018-08-19 17:38:33.323 INFO  org.springframework.context.annotation.AnnotationConfigApplicationContext Line:99  - Refreshing org.springframework.context.annotation.AnnotationConfigApplicationContext@4b7dc788: startup date [Sun Aug 19 17:38:33 CST 2018]; root of context hierarchy
2018-08-19 17:38:33.511 INFO  org.springframework.beans.factory.annotation.AutowiredAnnotationBeanPostProcessor Line:99  - JSR-330 'javax.inject.Inject' annotation found and supported for autowiring
2018-08-19 17:38:33.542 INFO  org.springframework.context.support.PostProcessorRegistrationDelegate$BeanPostProcessorChecker Line:99  - Bean 'configurationPropertiesRebinderAutoConfiguration' of type [org.springframework.cloud.autoconfigure.ConfigurationPropertiesRebinderAutoConfiguration$$EnhancerBySpringCGLIB$$c0269b46] is not eligible for getting processed by all BeanPostProcessors (for example: not eligible for auto-proxying)
2018-08-19 17:38:33.781 INFO  com.system.BaseClientApplicationTests Line:99  - No active profile set, falling back to default profiles: default
2018-08-19 17:38:33.787 INFO  org.springframework.web.context.support.GenericWebApplicationContext Line:99  - Refreshing org.springframework.web.context.support.GenericWebApplicationContext@423e4cbb: startup date [Sun Aug 19 17:38:33 CST 2018]; parent: org.springframework.context.annotation.AnnotationConfigApplicationContext@4b7dc788
2018-08-19 17:38:34.801 INFO  org.springframework.cloud.context.scope.GenericScope Line:99  - BeanFactory id=2d590f06-26bf-3e13-a847-e5b45c4cc66c
2018-08-19 17:38:34.868 INFO  org.springframework.beans.factory.annotation.AutowiredAnnotationBeanPostProcessor Line:99  - JSR-330 'javax.inject.Inject' annotation found and supported for autowiring
2018-08-19 17:38:35.184 INFO  org.springframework.context.support.PostProcessorRegistrationDelegate$BeanPostProcessorChecker Line:99  - Bean 'org.springframework.transaction.annotation.ProxyTransactionManagementConfiguration' of type [org.springframework.transaction.annotation.ProxyTransactionManagementConfiguration$$EnhancerBySpringCGLIB$$a40c9849] is not eligible for getting processed by all BeanPostProcessors (for example: not eligible for auto-proxying)
2018-08-19 17:38:35.234 INFO  org.springframework.context.support.PostProcessorRegistrationDelegate$BeanPostProcessorChecker Line:99  - Bean 'org.springframework.cloud.autoconfigure.ConfigurationPropertiesRebinderAutoConfiguration' of type [org.springframework.cloud.autoconfigure.ConfigurationPropertiesRebinderAutoConfiguration$$EnhancerBySpringCGLIB$$c0269b46] is not eligible for getting processed by all BeanPostProcessors (for example: not eligible for auto-proxying)
2018-08-19 17:38:35.311 INFO  com.system.dao.BaseDao Line:55  - Dao实现类是：com.system.bean.Admin
2018-08-19 17:38:35.313 INFO  com.system.dao.BaseDao Line:59  - 表名是：sys_admin
2018-08-19 17:38:35.315 INFO  com.system.dao.BaseDao Line:62  - 主键字段是：id
2018-08-19 17:38:35.327 INFO  com.alibaba.druid.spring.boot.autoconfigure.DruidDataSourceAutoConfigure Line:56  - Init DruidDataSource
2018-08-19 17:38:37.835 INFO  com.alibaba.druid.pool.DruidDataSource Line:930 - {dataSource-1} inited
2018-08-19 17:38:37.981 INFO  com.system.dao.BaseDao Line:55  - Dao实现类是：com.system.bean.Dictionary
2018-08-19 17:38:37.982 INFO  com.system.dao.BaseDao Line:59  - 表名是：sys_dictionary
2018-08-19 17:38:37.983 INFO  com.system.dao.BaseDao Line:62  - 主键字段是：id
2018-08-19 17:38:38.018 INFO  com.system.dao.BaseDao Line:55  - Dao实现类是：com.system.bean.Permission
2018-08-19 17:38:38.019 INFO  com.system.dao.BaseDao Line:59  - 表名是：sys_permission
2018-08-19 17:38:38.019 INFO  com.system.dao.BaseDao Line:62  - 主键字段是：id
2018-08-19 17:38:38.045 INFO  com.system.dao.BaseDao Line:55  - Dao实现类是：com.system.bean.Role
2018-08-19 17:38:38.045 INFO  com.system.dao.BaseDao Line:59  - 表名是：sys_role
2018-08-19 17:38:38.046 INFO  com.system.dao.BaseDao Line:62  - 主键字段是：id
2018-08-19 17:38:38.073 INFO  com.system.dao.BaseDao Line:55  - Dao实现类是：com.system.bean.RolePer
2018-08-19 17:38:38.074 INFO  com.system.dao.BaseDao Line:59  - 表名是：sys_role_per
2018-08-19 17:38:38.074 INFO  com.system.dao.BaseDao Line:62  - 主键字段是：null
2018-08-19 17:38:38.587 INFO  org.springframework.web.servlet.mvc.method.annotation.RequestMappingHandlerMapping Line:99  - Mapped "{[/admin],methods=[PUT],produces=[application/json;charset=UTF-8]}" onto public java.lang.String com.system.controller.AdminController.update(com.system.bean.Admin)
2018-08-19 17:38:38.589 INFO  org.springframework.web.servlet.mvc.method.annotation.RequestMappingHandlerMapping Line:99  - Mapped "{[/admin/login],methods=[POST]}" onto public com.system.bean.Admin com.system.controller.AdminController.login(java.lang.String,java.lang.String,javax.servlet.http.HttpServletRequest)
2018-08-19 17:38:38.590 INFO  org.springframework.web.servlet.mvc.method.annotation.RequestMappingHandlerMapping Line:99  - Mapped "{[/admin],methods=[POST],produces=[application/json;charset=UTF-8]}" onto public java.lang.String com.system.controller.AdminController.addAdmin(com.system.bean.Admin,javax.servlet.http.HttpServletRequest)
2018-08-19 17:38:38.591 INFO  org.springframework.web.servlet.mvc.method.annotation.RequestMappingHandlerMapping Line:99  - Mapped "{[/admin/{id}],methods=[GET],produces=[application/json;charset=UTF-8]}" onto public java.lang.String com.system.controller.AdminController.getAdminById(java.lang.Integer)
2018-08-19 17:38:38.592 INFO  org.springframework.web.servlet.mvc.method.annotation.RequestMappingHandlerMapping Line:99  - Mapped "{[/admin/page/{page}],methods=[GET],produces=[application/json;charset=UTF-8]}" onto public java.lang.String com.system.controller.AdminController.getAdminPage(java.lang.Integer,java.lang.Integer)
2018-08-19 17:38:38.593 INFO  org.springframework.web.servlet.mvc.method.annotation.RequestMappingHandlerMapping Line:99  - Mapped "{[/admin/checkAccount],methods=[POST],produces=[application/json;charset=UTF-8]}" onto public java.lang.String com.system.controller.AdminController.checkAccount(java.lang.String,java.lang.Integer)
2018-08-19 17:38:38.594 INFO  org.springframework.web.servlet.mvc.method.annotation.RequestMappingHandlerMapping Line:99  - Mapped "{[/admin/{id}],methods=[DELETE],produces=[application/json;charset=UTF-8]}" onto public java.lang.String com.system.controller.AdminController.delAdmin(java.lang.Integer[])
2018-08-19 17:38:38.597 INFO  org.springframework.web.servlet.mvc.method.annotation.RequestMappingHandlerMapping Line:99  - Mapped "{[/dic],methods=[POST],produces=[application/json;charset=UTF-8]}" onto public java.lang.String com.system.controller.DictionaryController.add(com.system.bean.Dictionary)
2018-08-19 17:38:38.598 INFO  org.springframework.web.servlet.mvc.method.annotation.RequestMappingHandlerMapping Line:99  - Mapped "{[/dic],methods=[PUT],produces=[application/json;charset=UTF-8]}" onto public java.lang.String com.system.controller.DictionaryController.update(com.system.bean.Dictionary)
2018-08-19 17:38:38.599 INFO  org.springframework.web.servlet.mvc.method.annotation.RequestMappingHandlerMapping Line:99  - Mapped "{[/dic],methods=[DELETE],produces=[application/json;charset=UTF-8]}" onto public java.lang.String com.system.controller.DictionaryController.delete(java.lang.Integer[])
2018-08-19 17:38:38.600 INFO  org.springframework.web.servlet.mvc.method.annotation.RequestMappingHandlerMapping Line:99  - Mapped "{[/dic/check/value],methods=[GET],produces=[application/json;charset=UTF-8]}" onto public java.lang.String com.system.controller.DictionaryController.checkValue(java.lang.String,java.lang.Integer,java.lang.Integer)
2018-08-19 17:38:38.600 INFO  org.springframework.web.servlet.mvc.method.annotation.RequestMappingHandlerMapping Line:99  - Mapped "{[/dic/page/{page}],methods=[GET],produces=[application/json;charset=UTF-8]}" onto public java.lang.String com.system.controller.DictionaryController.getPage(java.lang.Integer,java.lang.Integer)
2018-08-19 17:38:38.601 INFO  org.springframework.web.servlet.mvc.method.annotation.RequestMappingHandlerMapping Line:99  - Mapped "{[/dic/{id}],methods=[GET],produces=[application/json;charset=UTF-8]}" onto public java.lang.String com.system.controller.DictionaryController.getDictionary(java.lang.Integer)
2018-08-19 17:38:38.602 INFO  org.springframework.web.servlet.mvc.method.annotation.RequestMappingHandlerMapping Line:99  - Mapped "{[/dic/check/code],methods=[GET],produces=[application/json;charset=UTF-8]}" onto public java.lang.String com.system.controller.DictionaryController.checkCode(java.lang.String,java.lang.Integer)
2018-08-19 17:38:38.608 INFO  org.springframework.web.servlet.mvc.method.annotation.RequestMappingHandlerMapping Line:99  - Mapped "{[/per/checkPath],methods=[GET],produces=[application/json;charset=UTF-8]}" onto public java.lang.String com.system.controller.PermissionController.checkPath(java.lang.String,java.lang.Integer,java.lang.Integer)
2018-08-19 17:38:38.609 INFO  org.springframework.web.servlet.mvc.method.annotation.RequestMappingHandlerMapping Line:99  - Mapped "{[/per],methods=[POST],produces=[application/json;charset=UTF-8]}" onto public java.lang.String com.system.controller.PermissionController.addPermission(com.system.bean.Permission)
2018-08-19 17:38:38.610 INFO  org.springframework.web.servlet.mvc.method.annotation.RequestMappingHandlerMapping Line:99  - Mapped "{[/per/list],methods=[POST]}" onto public java.util.List<com.system.bean.Permission> com.system.controller.PermissionController.getRoleFunction(int)
2018-08-19 17:38:38.611 INFO  org.springframework.web.servlet.mvc.method.annotation.RequestMappingHandlerMapping Line:99  - Mapped "{[/per],methods=[PUT],produces=[application/json;charset=UTF-8]}" onto public java.lang.String com.system.controller.PermissionController.updatePermission(com.system.bean.Permission)
2018-08-19 17:38:38.612 INFO  org.springframework.web.servlet.mvc.method.annotation.RequestMappingHandlerMapping Line:99  - Mapped "{[/per/{id}],methods=[GET],produces=[application/json;charset=UTF-8]}" onto public java.lang.String com.system.controller.PermissionController.getPermissionById(java.lang.Integer)
2018-08-19 17:38:38.613 INFO  org.springframework.web.servlet.mvc.method.annotation.RequestMappingHandlerMapping Line:99  - Mapped "{[/per/{id}],methods=[DELETE],produces=[application/json;charset=UTF-8]}" onto public java.lang.String com.system.controller.PermissionController.deletePermission(java.lang.Integer)
2018-08-19 17:38:38.614 INFO  org.springframework.web.servlet.mvc.method.annotation.RequestMappingHandlerMapping Line:99  - Mapped "{[/per],methods=[GET],produces=[application/json;charset=UTF-8]}" onto public java.lang.String com.system.controller.PermissionController.getTreeList()
2018-08-19 17:38:38.617 INFO  org.springframework.web.servlet.mvc.method.annotation.RequestMappingHandlerMapping Line:99  - Mapped "{[/role/{id}],methods=[GET],produces=[application/json;charset=UTF-8]}" onto public java.lang.String com.system.controller.RoleController.getRole(java.lang.Integer)
2018-08-19 17:38:38.618 INFO  org.springframework.web.servlet.mvc.method.annotation.RequestMappingHandlerMapping Line:99  - Mapped "{[/role],methods=[POST],produces=[application/json;charset=UTF-8]}" onto public java.lang.String com.system.controller.RoleController.addRole(com.system.bean.Role)
2018-08-19 17:38:38.619 INFO  org.springframework.web.servlet.mvc.method.annotation.RequestMappingHandlerMapping Line:99  - Mapped "{[/role/page/{page}],methods=[GET],produces=[application/json;charset=UTF-8]}" onto public java.lang.String com.system.controller.RoleController.getPage(java.lang.Integer,java.lang.Integer)
2018-08-19 17:38:38.619 INFO  org.springframework.web.servlet.mvc.method.annotation.RequestMappingHandlerMapping Line:99  - Mapped "{[/role],methods=[GET],produces=[application/json;charset=UTF-8]}" onto public java.lang.String com.system.controller.RoleController.getList()
2018-08-19 17:38:38.620 INFO  org.springframework.web.servlet.mvc.method.annotation.RequestMappingHandlerMapping Line:99  - Mapped "{[/role/per/list/{role}],methods=[GET],produces=[application/json;charset=UTF-8]}" onto public java.lang.String com.system.controller.RoleController.getTreeList(java.lang.Integer)
2018-08-19 17:38:38.621 INFO  org.springframework.web.servlet.mvc.method.annotation.RequestMappingHandlerMapping Line:99  - Mapped "{[/role],methods=[PUT],produces=[application/json;charset=UTF-8]}" onto public java.lang.String com.system.controller.RoleController.updateRole(com.system.bean.Role)
2018-08-19 17:38:38.621 INFO  org.springframework.web.servlet.mvc.method.annotation.RequestMappingHandlerMapping Line:99  - Mapped "{[/role/{ids}],methods=[DELETE]}" onto public java.lang.String com.system.controller.RoleController.deleteRole(java.lang.Integer[])
2018-08-19 17:38:38.622 INFO  org.springframework.web.servlet.mvc.method.annotation.RequestMappingHandlerMapping Line:99  - Mapped "{[/role/per/{role}],methods=[POST],produces=[application/json;charset=UTF-8]}" onto public java.lang.String com.system.controller.RoleController.addRolePer(java.lang.Integer,java.lang.String)
2018-08-19 17:38:38.623 INFO  org.springframework.web.servlet.mvc.method.annotation.RequestMappingHandlerMapping Line:99  - Mapped "{[/role/per/{role}],methods=[GET],produces=[application/json;charset=UTF-8]}" onto public java.lang.String com.system.controller.RoleController.getRolePer(java.lang.Integer)
2018-08-19 17:38:38.625 INFO  org.springframework.web.servlet.mvc.method.annotation.RequestMappingHandlerMapping Line:99  - Mapped "{[/v2/api-docs],methods=[GET],produces=[application/json || application/hal+json]}" onto public org.springframework.http.ResponseEntity<springfox.documentation.spring.web.json.Json> springfox.documentation.swagger2.web.Swagger2Controller.getDocumentation(java.lang.String,javax.servlet.http.HttpServletRequest)
2018-08-19 17:38:38.628 INFO  org.springframework.web.servlet.mvc.method.annotation.RequestMappingHandlerMapping Line:99  - Mapped "{[/swagger-resources]}" onto org.springframework.http.ResponseEntity<java.util.List<springfox.documentation.swagger.web.SwaggerResource>> springfox.documentation.swagger.web.ApiResourceController.swaggerResources()
2018-08-19 17:38:38.629 INFO  org.springframework.web.servlet.mvc.method.annotation.RequestMappingHandlerMapping Line:99  - Mapped "{[/swagger-resources/configuration/security]}" onto org.springframework.http.ResponseEntity<springfox.documentation.swagger.web.SecurityConfiguration> springfox.documentation.swagger.web.ApiResourceController.securityConfiguration()
2018-08-19 17:38:38.630 INFO  org.springframework.web.servlet.mvc.method.annotation.RequestMappingHandlerMapping Line:99  - Mapped "{[/swagger-resources/configuration/ui]}" onto org.springframework.http.ResponseEntity<springfox.documentation.swagger.web.UiConfiguration> springfox.documentation.swagger.web.ApiResourceController.uiConfiguration()
2018-08-19 17:38:38.635 INFO  org.springframework.web.servlet.mvc.method.annotation.RequestMappingHandlerMapping Line:99  - Mapped "{[/error]}" onto public org.springframework.http.ResponseEntity<java.util.Map<java.lang.String, java.lang.Object>> org.springframework.boot.autoconfigure.web.servlet.error.BasicErrorController.error(javax.servlet.http.HttpServletRequest)
2018-08-19 17:38:38.636 INFO  org.springframework.web.servlet.mvc.method.annotation.RequestMappingHandlerMapping Line:99  - Mapped "{[/error],produces=[text/html]}" onto public org.springframework.web.servlet.ModelAndView org.springframework.boot.autoconfigure.web.servlet.error.BasicErrorController.errorHtml(javax.servlet.http.HttpServletRequest,javax.servlet.http.HttpServletResponse)
2018-08-19 17:38:38.850 INFO  org.springframework.web.servlet.handler.SimpleUrlHandlerMapping Line:99  - Mapped URL path [/static/**] onto handler of type [class org.springframework.web.servlet.resource.ResourceHttpRequestHandler]
2018-08-19 17:38:38.851 INFO  org.springframework.web.servlet.handler.SimpleUrlHandlerMapping Line:99  - Mapped URL path [/swagger-ui.html] onto handler of type [class org.springframework.web.servlet.resource.ResourceHttpRequestHandler]
2018-08-19 17:38:38.852 INFO  org.springframework.web.servlet.handler.SimpleUrlHandlerMapping Line:99  - Mapped URL path [/webjars/**] onto handler of type [class org.springframework.web.servlet.resource.ResourceHttpRequestHandler]
2018-08-19 17:38:38.969 INFO  org.springframework.web.servlet.mvc.method.annotation.RequestMappingHandlerAdapter Line:99  - Looking for @ControllerAdvice: org.springframework.web.context.support.GenericWebApplicationContext@423e4cbb: startup date [Sun Aug 19 17:38:33 CST 2018]; parent: org.springframework.context.annotation.AnnotationConfigApplicationContext@4b7dc788
2018-08-19 17:38:39.335 INFO  com.netflix.config.sources.URLConfigurationSource Line:122 - To enable URLs as dynamic configuration sources, define System property archaius.configurationSource.additionalUrls or make config.properties available on classpath.
2018-08-19 17:38:39.341 INFO  com.netflix.config.sources.URLConfigurationSource Line:122 - To enable URLs as dynamic configuration sources, define System property archaius.configurationSource.additionalUrls or make config.properties available on classpath.
2018-08-19 17:38:40.426 INFO  org.springframework.context.support.DefaultLifecycleProcessor Line:99  - Starting beans in phase 0
2018-08-19 17:38:40.437 INFO  org.springframework.context.support.DefaultLifecycleProcessor Line:99  - Starting beans in phase 2147483647
2018-08-19 17:38:40.437 INFO  springfox.documentation.spring.web.plugins.DocumentationPluginsBootstrapper Line:120 - Context refreshed
2018-08-19 17:38:40.456 INFO  springfox.documentation.spring.web.plugins.DocumentationPluginsBootstrapper Line:123 - Found 1 custom documentation plugin(s)
2018-08-19 17:38:40.478 INFO  springfox.documentation.spring.web.scanners.ApiListingReferenceScanner Line:41  - Scanning for api listing references
2018-08-19 17:38:40.677 INFO  springfox.documentation.spring.web.readers.operation.CachingOperationNameGenerator Line:40  - Generating unique operation named: updateUsingPUT_1
2018-08-19 17:38:40.756 INFO  springfox.documentation.spring.web.readers.operation.CachingOperationNameGenerator Line:40  - Generating unique operation named: getPageUsingGET_1
2018-08-19 17:38:40.774 INFO  springfox.documentation.spring.web.readers.operation.CachingOperationNameGenerator Line:40  - Generating unique operation named: getTreeListUsingGET_1
2018-08-19 17:38:40.804 INFO  com.system.BaseClientApplicationTests Line:99  - Started BaseClientApplicationTests in 7.964 seconds (JVM running for 8.746)
2018-08-19 17:38:41.031 INFO  com.alibaba.druid.pool.DruidDataSource Line:1825 - {dataSource-1} closed
