2018-08-28 12:00:16.859 INFO  org.springframework.context.annotation.AnnotationConfigApplicationContext Line:99  - Refreshing org.springframework.context.annotation.AnnotationConfigApplicationContext@4b7dc788: startup date [Tue Aug 28 12:00:16 CST 2018]; root of context hierarchy
2018-08-28 12:00:17.080 INFO  org.springframework.beans.factory.annotation.AutowiredAnnotationBeanPostProcessor Line:99  - JSR-330 'javax.inject.Inject' annotation found and supported for autowiring
2018-08-28 12:00:17.119 INFO  org.springframework.context.support.PostProcessorRegistrationDelegate$BeanPostProcessorChecker Line:99  - Bean 'configurationPropertiesRebinderAutoConfiguration' of type [org.springframework.cloud.autoconfigure.ConfigurationPropertiesRebinderAutoConfiguration$$EnhancerBySpringCGLIB$$5ce2e4ac] is not eligible for getting processed by all BeanPostProcessors (for example: not eligible for auto-proxying)
2018-08-28 12:00:17.363 INFO  com.system.BaseClientApplicationTests Line:99  - No active profile set, falling back to default profiles: default
2018-08-28 12:00:17.371 INFO  org.springframework.web.context.support.GenericWebApplicationContext Line:99  - Refreshing org.springframework.web.context.support.GenericWebApplicationContext@25ddbbbb: startup date [Tue Aug 28 12:00:17 CST 2018]; parent: org.springframework.context.annotation.AnnotationConfigApplicationContext@4b7dc788
2018-08-28 12:00:18.420 INFO  org.springframework.cloud.context.scope.GenericScope Line:99  - BeanFactory id=2d590f06-26bf-3e13-a847-e5b45c4cc66c
2018-08-28 12:00:18.494 INFO  org.springframework.beans.factory.annotation.AutowiredAnnotationBeanPostProcessor Line:99  - JSR-330 'javax.inject.Inject' annotation found and supported for autowiring
2018-08-28 12:00:18.840 INFO  org.springframework.context.support.PostProcessorRegistrationDelegate$BeanPostProcessorChecker Line:99  - Bean 'org.springframework.transaction.annotation.ProxyTransactionManagementConfiguration' of type [org.springframework.transaction.annotation.ProxyTransactionManagementConfiguration$$EnhancerBySpringCGLIB$$40c8e1af] is not eligible for getting processed by all BeanPostProcessors (for example: not eligible for auto-proxying)
2018-08-28 12:00:18.885 INFO  org.springframework.context.support.PostProcessorRegistrationDelegate$BeanPostProcessorChecker Line:99  - Bean 'org.springframework.cloud.autoconfigure.ConfigurationPropertiesRebinderAutoConfiguration' of type [org.springframework.cloud.autoconfigure.ConfigurationPropertiesRebinderAutoConfiguration$$EnhancerBySpringCGLIB$$5ce2e4ac] is not eligible for getting processed by all BeanPostProcessors (for example: not eligible for auto-proxying)
2018-08-28 12:00:18.973 INFO  com.system.dao.BaseDao Line:56  - Dao实现类是：com.system.bean.Admin
2018-08-28 12:00:18.975 INFO  com.system.dao.BaseDao Line:60  - 表名是：sys_admin
2018-08-28 12:00:18.977 INFO  com.system.dao.BaseDao Line:63  - 主键字段是：id
2018-08-28 12:00:18.995 INFO  com.alibaba.druid.spring.boot.autoconfigure.DruidDataSourceAutoConfigure Line:56  - Init DruidDataSource
2018-08-28 12:00:21.047 INFO  com.alibaba.druid.pool.DruidDataSource Line:930 - {dataSource-1} inited
2018-08-28 12:00:21.203 INFO  com.system.dao.BaseDao Line:56  - Dao实现类是：com.system.bean.Dictionary
2018-08-28 12:00:21.204 INFO  com.system.dao.BaseDao Line:60  - 表名是：sys_dictionary
2018-08-28 12:00:21.204 INFO  com.system.dao.BaseDao Line:63  - 主键字段是：id
2018-08-28 12:00:21.243 INFO  com.system.dao.BaseDao Line:56  - Dao实现类是：com.system.bean.Permission
2018-08-28 12:00:21.243 INFO  com.system.dao.BaseDao Line:60  - 表名是：sys_permission
2018-08-28 12:00:21.244 INFO  com.system.dao.BaseDao Line:63  - 主键字段是：id
2018-08-28 12:00:21.274 INFO  com.system.dao.BaseDao Line:56  - Dao实现类是：com.system.bean.Role
2018-08-28 12:00:21.274 INFO  com.system.dao.BaseDao Line:60  - 表名是：sys_role
2018-08-28 12:00:21.275 INFO  com.system.dao.BaseDao Line:63  - 主键字段是：id
2018-08-28 12:00:21.298 INFO  com.system.dao.BaseDao Line:56  - Dao实现类是：com.system.bean.RolePer
2018-08-28 12:00:21.299 INFO  com.system.dao.BaseDao Line:60  - 表名是：sys_role_per
2018-08-28 12:00:21.300 INFO  com.system.dao.BaseDao Line:63  - 主键字段是：null
2018-08-28 12:00:21.798 INFO  org.springframework.web.servlet.mvc.method.annotation.RequestMappingHandlerMapping Line:99  - Mapped "{[/admin],methods=[PUT],produces=[application/json;charset=UTF-8]}" onto public java.lang.String com.system.controller.AdminController.update(com.system.bean.Admin)
2018-08-28 12:00:21.799 INFO  org.springframework.web.servlet.mvc.method.annotation.RequestMappingHandlerMapping Line:99  - Mapped "{[/admin/login],methods=[POST]}" onto public com.system.bean.Admin com.system.controller.AdminController.login(java.lang.String,java.lang.String,javax.servlet.http.HttpServletRequest)
2018-08-28 12:00:21.800 INFO  org.springframework.web.servlet.mvc.method.annotation.RequestMappingHandlerMapping Line:99  - Mapped "{[/admin],methods=[POST],produces=[application/json;charset=UTF-8]}" onto public java.lang.String com.system.controller.AdminController.addAdmin(com.system.bean.Admin,javax.servlet.http.HttpServletRequest)
2018-08-28 12:00:21.801 INFO  org.springframework.web.servlet.mvc.method.annotation.RequestMappingHandlerMapping Line:99  - Mapped "{[/admin/{id}],methods=[GET],produces=[application/json;charset=UTF-8]}" onto public java.lang.String com.system.controller.AdminController.getAdminById(java.lang.Integer)
2018-08-28 12:00:21.801 INFO  org.springframework.web.servlet.mvc.method.annotation.RequestMappingHandlerMapping Line:99  - Mapped "{[/admin/page/{page}],methods=[GET],produces=[application/json;charset=UTF-8]}" onto public java.lang.String com.system.controller.AdminController.getAdminPage(java.lang.Integer,java.lang.Integer)
2018-08-28 12:00:21.802 INFO  org.springframework.web.servlet.mvc.method.annotation.RequestMappingHandlerMapping Line:99  - Mapped "{[/admin/checkAccount],methods=[POST],produces=[application/json;charset=UTF-8]}" onto public java.lang.String com.system.controller.AdminController.checkAccount(java.lang.String,java.lang.Integer)
2018-08-28 12:00:21.803 INFO  org.springframework.web.servlet.mvc.method.annotation.RequestMappingHandlerMapping Line:99  - Mapped "{[/admin/{id}],methods=[DELETE],produces=[application/json;charset=UTF-8]}" onto public java.lang.String com.system.controller.AdminController.delAdmin(java.lang.Integer[])
2018-08-28 12:00:21.806 INFO  org.springframework.web.servlet.mvc.method.annotation.RequestMappingHandlerMapping Line:99  - Mapped "{[/dic],methods=[POST],produces=[application/json;charset=UTF-8]}" onto public java.lang.String com.system.controller.DictionaryController.add(com.system.bean.Dictionary)
2018-08-28 12:00:21.807 INFO  org.springframework.web.servlet.mvc.method.annotation.RequestMappingHandlerMapping Line:99  - Mapped "{[/dic],methods=[PUT],produces=[application/json;charset=UTF-8]}" onto public java.lang.String com.system.controller.DictionaryController.update(com.system.bean.Dictionary)
2018-08-28 12:00:21.808 INFO  org.springframework.web.servlet.mvc.method.annotation.RequestMappingHandlerMapping Line:99  - Mapped "{[/dic],methods=[DELETE],produces=[application/json;charset=UTF-8]}" onto public java.lang.String com.system.controller.DictionaryController.delete(java.lang.Integer[])
2018-08-28 12:00:21.809 INFO  org.springframework.web.servlet.mvc.method.annotation.RequestMappingHandlerMapping Line:99  - Mapped "{[/dic/check/value],methods=[GET],produces=[application/json;charset=UTF-8]}" onto public java.lang.String com.system.controller.DictionaryController.checkValue(java.lang.String,java.lang.Integer,java.lang.Integer)
2018-08-28 12:00:21.810 INFO  org.springframework.web.servlet.mvc.method.annotation.RequestMappingHandlerMapping Line:99  - Mapped "{[/dic/page/{page}],methods=[GET],produces=[application/json;charset=UTF-8]}" onto public java.lang.String com.system.controller.DictionaryController.getPage(java.lang.Integer,java.lang.Integer)
2018-08-28 12:00:21.811 INFO  org.springframework.web.servlet.mvc.method.annotation.RequestMappingHandlerMapping Line:99  - Mapped "{[/dic/{id}],methods=[GET],produces=[application/json;charset=UTF-8]}" onto public java.lang.String com.system.controller.DictionaryController.getDictionary(java.lang.Integer)
2018-08-28 12:00:21.812 INFO  org.springframework.web.servlet.mvc.method.annotation.RequestMappingHandlerMapping Line:99  - Mapped "{[/dic/check/code],methods=[GET],produces=[application/json;charset=UTF-8]}" onto public java.lang.String com.system.controller.DictionaryController.checkCode(java.lang.String,java.lang.Integer)
2018-08-28 12:00:21.817 INFO  org.springframework.web.servlet.mvc.method.annotation.RequestMappingHandlerMapping Line:99  - Mapped "{[/per/checkPath],methods=[GET],produces=[application/json;charset=UTF-8]}" onto public java.lang.String com.system.controller.PermissionController.checkPath(java.lang.String,java.lang.Integer,java.lang.Integer)
2018-08-28 12:00:21.817 INFO  org.springframework.web.servlet.mvc.method.annotation.RequestMappingHandlerMapping Line:99  - Mapped "{[/per],methods=[POST],produces=[application/json;charset=UTF-8]}" onto public java.lang.String com.system.controller.PermissionController.addPermission(com.system.bean.Permission)
2018-08-28 12:00:21.818 INFO  org.springframework.web.servlet.mvc.method.annotation.RequestMappingHandlerMapping Line:99  - Mapped "{[/per/list],methods=[POST]}" onto public java.util.List<com.system.bean.Permission> com.system.controller.PermissionController.getRoleFunction(int)
2018-08-28 12:00:21.819 INFO  org.springframework.web.servlet.mvc.method.annotation.RequestMappingHandlerMapping Line:99  - Mapped "{[/per],methods=[PUT],produces=[application/json;charset=UTF-8]}" onto public java.lang.String com.system.controller.PermissionController.updatePermission(com.system.bean.Permission)
2018-08-28 12:00:21.820 INFO  org.springframework.web.servlet.mvc.method.annotation.RequestMappingHandlerMapping Line:99  - Mapped "{[/per/{id}],methods=[GET],produces=[application/json;charset=UTF-8]}" onto public java.lang.String com.system.controller.PermissionController.getPermissionById(java.lang.Integer)
2018-08-28 12:00:21.821 INFO  org.springframework.web.servlet.mvc.method.annotation.RequestMappingHandlerMapping Line:99  - Mapped "{[/per/{id}],methods=[DELETE],produces=[application/json;charset=UTF-8]}" onto public java.lang.String com.system.controller.PermissionController.deletePermission(java.lang.Integer)
2018-08-28 12:00:21.821 INFO  org.springframework.web.servlet.mvc.method.annotation.RequestMappingHandlerMapping Line:99  - Mapped "{[/per],methods=[GET],produces=[application/json;charset=UTF-8]}" onto public java.lang.String com.system.controller.PermissionController.getTreeList()
2018-08-28 12:00:21.823 INFO  org.springframework.web.servlet.mvc.method.annotation.RequestMappingHandlerMapping Line:99  - Mapped "{[/role/{id}],methods=[GET],produces=[application/json;charset=UTF-8]}" onto public java.lang.String com.system.controller.RoleController.getRole(java.lang.Integer)
2018-08-28 12:00:21.824 INFO  org.springframework.web.servlet.mvc.method.annotation.RequestMappingHandlerMapping Line:99  - Mapped "{[/role],methods=[POST],produces=[application/json;charset=UTF-8]}" onto public java.lang.String com.system.controller.RoleController.addRole(com.system.bean.Role)
2018-08-28 12:00:21.825 INFO  org.springframework.web.servlet.mvc.method.annotation.RequestMappingHandlerMapping Line:99  - Mapped "{[/role/page/{page}],methods=[GET],produces=[application/json;charset=UTF-8]}" onto public java.lang.String com.system.controller.RoleController.getPage(java.lang.Integer,java.lang.Integer)
2018-08-28 12:00:21.826 INFO  org.springframework.web.servlet.mvc.method.annotation.RequestMappingHandlerMapping Line:99  - Mapped "{[/role],methods=[GET],produces=[application/json;charset=UTF-8]}" onto public java.lang.String com.system.controller.RoleController.getList()
2018-08-28 12:00:21.827 INFO  org.springframework.web.servlet.mvc.method.annotation.RequestMappingHandlerMapping Line:99  - Mapped "{[/role/per/list/{role}],methods=[GET],produces=[application/json;charset=UTF-8]}" onto public java.lang.String com.system.controller.RoleController.getTreeList(java.lang.Integer)
2018-08-28 12:00:21.828 INFO  org.springframework.web.servlet.mvc.method.annotation.RequestMappingHandlerMapping Line:99  - Mapped "{[/role],methods=[PUT],produces=[application/json;charset=UTF-8]}" onto public java.lang.String com.system.controller.RoleController.updateRole(com.system.bean.Role)
2018-08-28 12:00:21.829 INFO  org.springframework.web.servlet.mvc.method.annotation.RequestMappingHandlerMapping Line:99  - Mapped "{[/role/{ids}],methods=[DELETE]}" onto public java.lang.String com.system.controller.RoleController.deleteRole(java.lang.Integer[])
2018-08-28 12:00:21.830 INFO  org.springframework.web.servlet.mvc.method.annotation.RequestMappingHandlerMapping Line:99  - Mapped "{[/role/per/{role}],methods=[POST],produces=[application/json;charset=UTF-8]}" onto public java.lang.String com.system.controller.RoleController.addRolePer(java.lang.Integer,java.lang.String)
2018-08-28 12:00:21.830 INFO  org.springframework.web.servlet.mvc.method.annotation.RequestMappingHandlerMapping Line:99  - Mapped "{[/role/per/{role}],methods=[GET],produces=[application/json;charset=UTF-8]}" onto public java.lang.String com.system.controller.RoleController.getRolePer(java.lang.Integer)
2018-08-28 12:00:21.832 INFO  org.springframework.web.servlet.mvc.method.annotation.RequestMappingHandlerMapping Line:99  - Mapped "{[/v2/api-docs],methods=[GET],produces=[application/json || application/hal+json]}" onto public org.springframework.http.ResponseEntity<springfox.documentation.spring.web.json.Json> springfox.documentation.swagger2.web.Swagger2Controller.getDocumentation(java.lang.String,javax.servlet.http.HttpServletRequest)
2018-08-28 12:00:21.835 INFO  org.springframework.web.servlet.mvc.method.annotation.RequestMappingHandlerMapping Line:99  - Mapped "{[/swagger-resources/configuration/security]}" onto org.springframework.http.ResponseEntity<springfox.documentation.swagger.web.SecurityConfiguration> springfox.documentation.swagger.web.ApiResourceController.securityConfiguration()
2018-08-28 12:00:21.836 INFO  org.springframework.web.servlet.mvc.method.annotation.RequestMappingHandlerMapping Line:99  - Mapped "{[/swagger-resources/configuration/ui]}" onto org.springframework.http.ResponseEntity<springfox.documentation.swagger.web.UiConfiguration> springfox.documentation.swagger.web.ApiResourceController.uiConfiguration()
2018-08-28 12:00:21.837 INFO  org.springframework.web.servlet.mvc.method.annotation.RequestMappingHandlerMapping Line:99  - Mapped "{[/swagger-resources]}" onto org.springframework.http.ResponseEntity<java.util.List<springfox.documentation.swagger.web.SwaggerResource>> springfox.documentation.swagger.web.ApiResourceController.swaggerResources()
2018-08-28 12:00:21.842 INFO  org.springframework.web.servlet.mvc.method.annotation.RequestMappingHandlerMapping Line:99  - Mapped "{[/error]}" onto public org.springframework.http.ResponseEntity<java.util.Map<java.lang.String, java.lang.Object>> org.springframework.boot.autoconfigure.web.servlet.error.BasicErrorController.error(javax.servlet.http.HttpServletRequest)
2018-08-28 12:00:21.843 INFO  org.springframework.web.servlet.mvc.method.annotation.RequestMappingHandlerMapping Line:99  - Mapped "{[/error],produces=[text/html]}" onto public org.springframework.web.servlet.ModelAndView org.springframework.boot.autoconfigure.web.servlet.error.BasicErrorController.errorHtml(javax.servlet.http.HttpServletRequest,javax.servlet.http.HttpServletResponse)
2018-08-28 12:00:22.050 INFO  org.springframework.web.servlet.handler.SimpleUrlHandlerMapping Line:99  - Mapped URL path [/static/**] onto handler of type [class org.springframework.web.servlet.resource.ResourceHttpRequestHandler]
2018-08-28 12:00:22.051 INFO  org.springframework.web.servlet.handler.SimpleUrlHandlerMapping Line:99  - Mapped URL path [/swagger-ui.html] onto handler of type [class org.springframework.web.servlet.resource.ResourceHttpRequestHandler]
2018-08-28 12:00:22.052 INFO  org.springframework.web.servlet.handler.SimpleUrlHandlerMapping Line:99  - Mapped URL path [/webjars/**] onto handler of type [class org.springframework.web.servlet.resource.ResourceHttpRequestHandler]
2018-08-28 12:00:22.176 INFO  org.springframework.web.servlet.mvc.method.annotation.RequestMappingHandlerAdapter Line:99  - Looking for @ControllerAdvice: org.springframework.web.context.support.GenericWebApplicationContext@25ddbbbb: startup date [Tue Aug 28 12:00:17 CST 2018]; parent: org.springframework.context.annotation.AnnotationConfigApplicationContext@4b7dc788
2018-08-28 12:00:22.607 INFO  com.netflix.config.sources.URLConfigurationSource Line:122 - To enable URLs as dynamic configuration sources, define System property archaius.configurationSource.additionalUrls or make config.properties available on classpath.
2018-08-28 12:00:22.617 INFO  com.netflix.config.sources.URLConfigurationSource Line:122 - To enable URLs as dynamic configuration sources, define System property archaius.configurationSource.additionalUrls or make config.properties available on classpath.
2018-08-28 12:00:23.726 INFO  org.springframework.context.support.DefaultLifecycleProcessor Line:99  - Starting beans in phase 0
2018-08-28 12:00:23.737 INFO  org.springframework.context.support.DefaultLifecycleProcessor Line:99  - Starting beans in phase 2147483647
2018-08-28 12:00:23.737 INFO  springfox.documentation.spring.web.plugins.DocumentationPluginsBootstrapper Line:120 - Context refreshed
2018-08-28 12:00:23.758 INFO  springfox.documentation.spring.web.plugins.DocumentationPluginsBootstrapper Line:123 - Found 1 custom documentation plugin(s)
2018-08-28 12:00:23.781 INFO  springfox.documentation.spring.web.scanners.ApiListingReferenceScanner Line:41  - Scanning for api listing references
2018-08-28 12:00:23.992 INFO  springfox.documentation.spring.web.readers.operation.CachingOperationNameGenerator Line:40  - Generating unique operation named: updateUsingPUT_1
2018-08-28 12:00:24.070 INFO  springfox.documentation.spring.web.readers.operation.CachingOperationNameGenerator Line:40  - Generating unique operation named: getPageUsingGET_1
2018-08-28 12:00:24.080 INFO  springfox.documentation.spring.web.readers.operation.CachingOperationNameGenerator Line:40  - Generating unique operation named: getTreeListUsingGET_1
2018-08-28 12:00:24.108 INFO  com.system.BaseClientApplicationTests Line:99  - Started BaseClientApplicationTests in 7.722 seconds (JVM running for 8.52)
2018-08-28 12:00:24.308 INFO  org.springframework.web.context.support.GenericWebApplicationContext Line:99  - Closing org.springframework.web.context.support.GenericWebApplicationContext@25ddbbbb: startup date [Tue Aug 28 12:00:17 CST 2018]; parent: org.springframework.context.annotation.AnnotationConfigApplicationContext@4b7dc788
2018-08-28 12:00:24.338 INFO  com.alibaba.druid.pool.DruidDataSource Line:1825 - {dataSource-1} closed
2018-08-28 13:38:44.800 INFO  org.springframework.context.annotation.AnnotationConfigApplicationContext Line:99  - Refreshing org.springframework.context.annotation.AnnotationConfigApplicationContext@4b7dc788: startup date [Tue Aug 28 13:38:44 CST 2018]; root of context hierarchy
2018-08-28 13:38:45.046 INFO  org.springframework.beans.factory.annotation.AutowiredAnnotationBeanPostProcessor Line:99  - JSR-330 'javax.inject.Inject' annotation found and supported for autowiring
2018-08-28 13:38:45.092 INFO  org.springframework.context.support.PostProcessorRegistrationDelegate$BeanPostProcessorChecker Line:99  - Bean 'configurationPropertiesRebinderAutoConfiguration' of type [org.springframework.cloud.autoconfigure.ConfigurationPropertiesRebinderAutoConfiguration$$EnhancerBySpringCGLIB$$c0269b46] is not eligible for getting processed by all BeanPostProcessors (for example: not eligible for auto-proxying)
2018-08-28 13:38:45.338 INFO  com.system.BaseClientApplicationTests Line:99  - No active profile set, falling back to default profiles: default
2018-08-28 13:38:45.345 INFO  org.springframework.web.context.support.GenericWebApplicationContext Line:99  - Refreshing org.springframework.web.context.support.GenericWebApplicationContext@423e4cbb: startup date [Tue Aug 28 13:38:45 CST 2018]; parent: org.springframework.context.annotation.AnnotationConfigApplicationContext@4b7dc788
2018-08-28 13:38:46.434 INFO  org.springframework.cloud.context.scope.GenericScope Line:99  - BeanFactory id=2d590f06-26bf-3e13-a847-e5b45c4cc66c
2018-08-28 13:38:46.523 INFO  org.springframework.beans.factory.annotation.AutowiredAnnotationBeanPostProcessor Line:99  - JSR-330 'javax.inject.Inject' annotation found and supported for autowiring
2018-08-28 13:38:46.872 INFO  org.springframework.context.support.PostProcessorRegistrationDelegate$BeanPostProcessorChecker Line:99  - Bean 'org.springframework.transaction.annotation.ProxyTransactionManagementConfiguration' of type [org.springframework.transaction.annotation.ProxyTransactionManagementConfiguration$$EnhancerBySpringCGLIB$$a40c9849] is not eligible for getting processed by all BeanPostProcessors (for example: not eligible for auto-proxying)
2018-08-28 13:38:46.921 INFO  org.springframework.context.support.PostProcessorRegistrationDelegate$BeanPostProcessorChecker Line:99  - Bean 'org.springframework.cloud.autoconfigure.ConfigurationPropertiesRebinderAutoConfiguration' of type [org.springframework.cloud.autoconfigure.ConfigurationPropertiesRebinderAutoConfiguration$$EnhancerBySpringCGLIB$$c0269b46] is not eligible for getting processed by all BeanPostProcessors (for example: not eligible for auto-proxying)
2018-08-28 13:38:47.000 INFO  com.system.dao.BaseDao Line:56  - Dao实现类是：com.system.bean.Admin
2018-08-28 13:38:47.001 INFO  com.system.dao.BaseDao Line:60  - 表名是：sys_admin
2018-08-28 13:38:47.003 INFO  com.system.dao.BaseDao Line:63  - 主键字段是：id
2018-08-28 13:38:47.017 INFO  com.alibaba.druid.spring.boot.autoconfigure.DruidDataSourceAutoConfigure Line:56  - Init DruidDataSource
2018-08-28 13:38:48.933 INFO  com.alibaba.druid.pool.DruidDataSource Line:930 - {dataSource-1} inited
2018-08-28 13:38:49.091 INFO  com.system.dao.BaseDao Line:56  - Dao实现类是：com.system.bean.Dictionary
2018-08-28 13:38:49.091 INFO  com.system.dao.BaseDao Line:60  - 表名是：sys_dictionary
2018-08-28 13:38:49.092 INFO  com.system.dao.BaseDao Line:63  - 主键字段是：id
2018-08-28 13:38:49.134 INFO  com.system.dao.BaseDao Line:56  - Dao实现类是：com.system.bean.Permission
2018-08-28 13:38:49.135 INFO  com.system.dao.BaseDao Line:60  - 表名是：sys_permission
2018-08-28 13:38:49.136 INFO  com.system.dao.BaseDao Line:63  - 主键字段是：id
2018-08-28 13:38:49.173 INFO  com.system.dao.BaseDao Line:56  - Dao实现类是：com.system.bean.Role
2018-08-28 13:38:49.174 INFO  com.system.dao.BaseDao Line:60  - 表名是：sys_role
2018-08-28 13:38:49.175 INFO  com.system.dao.BaseDao Line:63  - 主键字段是：id
2018-08-28 13:38:49.208 INFO  com.system.dao.BaseDao Line:56  - Dao实现类是：com.system.bean.RolePer
2018-08-28 13:38:49.209 INFO  com.system.dao.BaseDao Line:60  - 表名是：sys_role_per
2018-08-28 13:38:49.210 INFO  com.system.dao.BaseDao Line:63  - 主键字段是：null
2018-08-28 13:38:49.716 INFO  org.springframework.web.servlet.mvc.method.annotation.RequestMappingHandlerMapping Line:99  - Mapped "{[/admin],methods=[PUT],produces=[application/json;charset=UTF-8]}" onto public java.lang.String com.system.controller.AdminController.update(com.system.bean.Admin)
2018-08-28 13:38:49.717 INFO  org.springframework.web.servlet.mvc.method.annotation.RequestMappingHandlerMapping Line:99  - Mapped "{[/admin/login],methods=[POST]}" onto public com.system.bean.Admin com.system.controller.AdminController.login(java.lang.String,java.lang.String,javax.servlet.http.HttpServletRequest)
2018-08-28 13:38:49.718 INFO  org.springframework.web.servlet.mvc.method.annotation.RequestMappingHandlerMapping Line:99  - Mapped "{[/admin],methods=[POST],produces=[application/json;charset=UTF-8]}" onto public java.lang.String com.system.controller.AdminController.addAdmin(com.system.bean.Admin,javax.servlet.http.HttpServletRequest)
2018-08-28 13:38:49.719 INFO  org.springframework.web.servlet.mvc.method.annotation.RequestMappingHandlerMapping Line:99  - Mapped "{[/admin/{id}],methods=[GET],produces=[application/json;charset=UTF-8]}" onto public java.lang.String com.system.controller.AdminController.getAdminById(java.lang.Integer)
2018-08-28 13:38:49.720 INFO  org.springframework.web.servlet.mvc.method.annotation.RequestMappingHandlerMapping Line:99  - Mapped "{[/admin/page/{page}],methods=[GET],produces=[application/json;charset=UTF-8]}" onto public java.lang.String com.system.controller.AdminController.getAdminPage(java.lang.Integer,java.lang.Integer)
2018-08-28 13:38:49.721 INFO  org.springframework.web.servlet.mvc.method.annotation.RequestMappingHandlerMapping Line:99  - Mapped "{[/admin/checkAccount],methods=[POST],produces=[application/json;charset=UTF-8]}" onto public java.lang.String com.system.controller.AdminController.checkAccount(java.lang.String,java.lang.Integer)
2018-08-28 13:38:49.722 INFO  org.springframework.web.servlet.mvc.method.annotation.RequestMappingHandlerMapping Line:99  - Mapped "{[/admin/{id}],methods=[DELETE],produces=[application/json;charset=UTF-8]}" onto public java.lang.String com.system.controller.AdminController.delAdmin(java.lang.Integer[])
2018-08-28 13:38:49.724 INFO  org.springframework.web.servlet.mvc.method.annotation.RequestMappingHandlerMapping Line:99  - Mapped "{[/dic],methods=[POST],produces=[application/json;charset=UTF-8]}" onto public java.lang.String com.system.controller.DictionaryController.add(com.system.bean.Dictionary)
2018-08-28 13:38:49.725 INFO  org.springframework.web.servlet.mvc.method.annotation.RequestMappingHandlerMapping Line:99  - Mapped "{[/dic],methods=[PUT],produces=[application/json;charset=UTF-8]}" onto public java.lang.String com.system.controller.DictionaryController.update(com.system.bean.Dictionary)
2018-08-28 13:38:49.726 INFO  org.springframework.web.servlet.mvc.method.annotation.RequestMappingHandlerMapping Line:99  - Mapped "{[/dic],methods=[DELETE],produces=[application/json;charset=UTF-8]}" onto public java.lang.String com.system.controller.DictionaryController.delete(java.lang.Integer[])
2018-08-28 13:38:49.727 INFO  org.springframework.web.servlet.mvc.method.annotation.RequestMappingHandlerMapping Line:99  - Mapped "{[/dic/check/value],methods=[GET],produces=[application/json;charset=UTF-8]}" onto public java.lang.String com.system.controller.DictionaryController.checkValue(java.lang.String,java.lang.Integer,java.lang.Integer)
2018-08-28 13:38:49.728 INFO  org.springframework.web.servlet.mvc.method.annotation.RequestMappingHandlerMapping Line:99  - Mapped "{[/dic/page/{page}],methods=[GET],produces=[application/json;charset=UTF-8]}" onto public java.lang.String com.system.controller.DictionaryController.getPage(java.lang.Integer,java.lang.Integer)
2018-08-28 13:38:49.729 INFO  org.springframework.web.servlet.mvc.method.annotation.RequestMappingHandlerMapping Line:99  - Mapped "{[/dic/{id}],methods=[GET],produces=[application/json;charset=UTF-8]}" onto public java.lang.String com.system.controller.DictionaryController.getDictionary(java.lang.Integer)
2018-08-28 13:38:49.730 INFO  org.springframework.web.servlet.mvc.method.annotation.RequestMappingHandlerMapping Line:99  - Mapped "{[/dic/check/code],methods=[GET],produces=[application/json;charset=UTF-8]}" onto public java.lang.String com.system.controller.DictionaryController.checkCode(java.lang.String,java.lang.Integer)
2018-08-28 13:38:49.734 INFO  org.springframework.web.servlet.mvc.method.annotation.RequestMappingHandlerMapping Line:99  - Mapped "{[/per/checkPath],methods=[GET],produces=[application/json;charset=UTF-8]}" onto public java.lang.String com.system.controller.PermissionController.checkPath(java.lang.String,java.lang.Integer,java.lang.Integer)
2018-08-28 13:38:49.735 INFO  org.springframework.web.servlet.mvc.method.annotation.RequestMappingHandlerMapping Line:99  - Mapped "{[/per],methods=[POST],produces=[application/json;charset=UTF-8]}" onto public java.lang.String com.system.controller.PermissionController.addPermission(com.system.bean.Permission)
2018-08-28 13:38:49.736 INFO  org.springframework.web.servlet.mvc.method.annotation.RequestMappingHandlerMapping Line:99  - Mapped "{[/per/list],methods=[POST]}" onto public java.util.List<com.system.bean.Permission> com.system.controller.PermissionController.getRoleFunction(int)
2018-08-28 13:38:49.737 INFO  org.springframework.web.servlet.mvc.method.annotation.RequestMappingHandlerMapping Line:99  - Mapped "{[/per],methods=[PUT],produces=[application/json;charset=UTF-8]}" onto public java.lang.String com.system.controller.PermissionController.updatePermission(com.system.bean.Permission)
2018-08-28 13:38:49.738 INFO  org.springframework.web.servlet.mvc.method.annotation.RequestMappingHandlerMapping Line:99  - Mapped "{[/per/{id}],methods=[GET],produces=[application/json;charset=UTF-8]}" onto public java.lang.String com.system.controller.PermissionController.getPermissionById(java.lang.Integer)
2018-08-28 13:38:49.739 INFO  org.springframework.web.servlet.mvc.method.annotation.RequestMappingHandlerMapping Line:99  - Mapped "{[/per/{id}],methods=[DELETE],produces=[application/json;charset=UTF-8]}" onto public java.lang.String com.system.controller.PermissionController.deletePermission(java.lang.Integer)
2018-08-28 13:38:49.740 INFO  org.springframework.web.servlet.mvc.method.annotation.RequestMappingHandlerMapping Line:99  - Mapped "{[/per],methods=[GET],produces=[application/json;charset=UTF-8]}" onto public java.lang.String com.system.controller.PermissionController.getTreeList()
2018-08-28 13:38:49.742 INFO  org.springframework.web.servlet.mvc.method.annotation.RequestMappingHandlerMapping Line:99  - Mapped "{[/role/{id}],methods=[GET],produces=[application/json;charset=UTF-8]}" onto public java.lang.String com.system.controller.RoleController.getRole(java.lang.Integer)
2018-08-28 13:38:49.743 INFO  org.springframework.web.servlet.mvc.method.annotation.RequestMappingHandlerMapping Line:99  - Mapped "{[/role],methods=[POST],produces=[application/json;charset=UTF-8]}" onto public java.lang.String com.system.controller.RoleController.addRole(com.system.bean.Role)
2018-08-28 13:38:49.743 INFO  org.springframework.web.servlet.mvc.method.annotation.RequestMappingHandlerMapping Line:99  - Mapped "{[/role/page/{page}],methods=[GET],produces=[application/json;charset=UTF-8]}" onto public java.lang.String com.system.controller.RoleController.getPage(java.lang.Integer,java.lang.Integer)
2018-08-28 13:38:49.744 INFO  org.springframework.web.servlet.mvc.method.annotation.RequestMappingHandlerMapping Line:99  - Mapped "{[/role],methods=[GET],produces=[application/json;charset=UTF-8]}" onto public java.lang.String com.system.controller.RoleController.getList()
2018-08-28 13:38:49.745 INFO  org.springframework.web.servlet.mvc.method.annotation.RequestMappingHandlerMapping Line:99  - Mapped "{[/role/per/list/{role}],methods=[GET],produces=[application/json;charset=UTF-8]}" onto public java.lang.String com.system.controller.RoleController.getTreeList(java.lang.Integer)
2018-08-28 13:38:49.745 INFO  org.springframework.web.servlet.mvc.method.annotation.RequestMappingHandlerMapping Line:99  - Mapped "{[/role],methods=[PUT],produces=[application/json;charset=UTF-8]}" onto public java.lang.String com.system.controller.RoleController.updateRole(com.system.bean.Role)
2018-08-28 13:38:49.746 INFO  org.springframework.web.servlet.mvc.method.annotation.RequestMappingHandlerMapping Line:99  - Mapped "{[/role/{ids}],methods=[DELETE]}" onto public java.lang.String com.system.controller.RoleController.deleteRole(java.lang.Integer[])
2018-08-28 13:38:49.747 INFO  org.springframework.web.servlet.mvc.method.annotation.RequestMappingHandlerMapping Line:99  - Mapped "{[/role/per/{role}],methods=[POST],produces=[application/json;charset=UTF-8]}" onto public java.lang.String com.system.controller.RoleController.addRolePer(java.lang.Integer,java.lang.String)
2018-08-28 13:38:49.748 INFO  org.springframework.web.servlet.mvc.method.annotation.RequestMappingHandlerMapping Line:99  - Mapped "{[/role/per/{role}],methods=[GET],produces=[application/json;charset=UTF-8]}" onto public java.lang.String com.system.controller.RoleController.getRolePer(java.lang.Integer)
2018-08-28 13:38:49.749 INFO  org.springframework.web.servlet.mvc.method.annotation.RequestMappingHandlerMapping Line:99  - Mapped "{[/v2/api-docs],methods=[GET],produces=[application/json || application/hal+json]}" onto public org.springframework.http.ResponseEntity<springfox.documentation.spring.web.json.Json> springfox.documentation.swagger2.web.Swagger2Controller.getDocumentation(java.lang.String,javax.servlet.http.HttpServletRequest)
2018-08-28 13:38:49.753 INFO  org.springframework.web.servlet.mvc.method.annotation.RequestMappingHandlerMapping Line:99  - Mapped "{[/swagger-resources]}" onto org.springframework.http.ResponseEntity<java.util.List<springfox.documentation.swagger.web.SwaggerResource>> springfox.documentation.swagger.web.ApiResourceController.swaggerResources()
2018-08-28 13:38:49.754 INFO  org.springframework.web.servlet.mvc.method.annotation.RequestMappingHandlerMapping Line:99  - Mapped "{[/swagger-resources/configuration/security]}" onto org.springframework.http.ResponseEntity<springfox.documentation.swagger.web.SecurityConfiguration> springfox.documentation.swagger.web.ApiResourceController.securityConfiguration()
2018-08-28 13:38:49.755 INFO  org.springframework.web.servlet.mvc.method.annotation.RequestMappingHandlerMapping Line:99  - Mapped "{[/swagger-resources/configuration/ui]}" onto org.springframework.http.ResponseEntity<springfox.documentation.swagger.web.UiConfiguration> springfox.documentation.swagger.web.ApiResourceController.uiConfiguration()
2018-08-28 13:38:49.759 INFO  org.springframework.web.servlet.mvc.method.annotation.RequestMappingHandlerMapping Line:99  - Mapped "{[/error]}" onto public org.springframework.http.ResponseEntity<java.util.Map<java.lang.String, java.lang.Object>> org.springframework.boot.autoconfigure.web.servlet.error.BasicErrorController.error(javax.servlet.http.HttpServletRequest)
2018-08-28 13:38:49.760 INFO  org.springframework.web.servlet.mvc.method.annotation.RequestMappingHandlerMapping Line:99  - Mapped "{[/error],produces=[text/html]}" onto public org.springframework.web.servlet.ModelAndView org.springframework.boot.autoconfigure.web.servlet.error.BasicErrorController.errorHtml(javax.servlet.http.HttpServletRequest,javax.servlet.http.HttpServletResponse)
2018-08-28 13:38:49.968 INFO  org.springframework.web.servlet.handler.SimpleUrlHandlerMapping Line:99  - Mapped URL path [/static/**] onto handler of type [class org.springframework.web.servlet.resource.ResourceHttpRequestHandler]
2018-08-28 13:38:49.969 INFO  org.springframework.web.servlet.handler.SimpleUrlHandlerMapping Line:99  - Mapped URL path [/swagger-ui.html] onto handler of type [class org.springframework.web.servlet.resource.ResourceHttpRequestHandler]
2018-08-28 13:38:49.970 INFO  org.springframework.web.servlet.handler.SimpleUrlHandlerMapping Line:99  - Mapped URL path [/webjars/**] onto handler of type [class org.springframework.web.servlet.resource.ResourceHttpRequestHandler]
2018-08-28 13:38:50.106 INFO  org.springframework.web.servlet.mvc.method.annotation.RequestMappingHandlerAdapter Line:99  - Looking for @ControllerAdvice: org.springframework.web.context.support.GenericWebApplicationContext@423e4cbb: startup date [Tue Aug 28 13:38:45 CST 2018]; parent: org.springframework.context.annotation.AnnotationConfigApplicationContext@4b7dc788
2018-08-28 13:38:50.522 INFO  com.netflix.config.sources.URLConfigurationSource Line:122 - To enable URLs as dynamic configuration sources, define System property archaius.configurationSource.additionalUrls or make config.properties available on classpath.
2018-08-28 13:38:50.528 INFO  com.netflix.config.sources.URLConfigurationSource Line:122 - To enable URLs as dynamic configuration sources, define System property archaius.configurationSource.additionalUrls or make config.properties available on classpath.
2018-08-28 13:38:51.630 INFO  org.springframework.context.support.DefaultLifecycleProcessor Line:99  - Starting beans in phase 0
2018-08-28 13:38:51.643 INFO  org.springframework.context.support.DefaultLifecycleProcessor Line:99  - Starting beans in phase 2147483647
2018-08-28 13:38:51.643 INFO  springfox.documentation.spring.web.plugins.DocumentationPluginsBootstrapper Line:120 - Context refreshed
2018-08-28 13:38:51.666 INFO  springfox.documentation.spring.web.plugins.DocumentationPluginsBootstrapper Line:123 - Found 1 custom documentation plugin(s)
2018-08-28 13:38:51.690 INFO  springfox.documentation.spring.web.scanners.ApiListingReferenceScanner Line:41  - Scanning for api listing references
2018-08-28 13:38:51.911 INFO  springfox.documentation.spring.web.readers.operation.CachingOperationNameGenerator Line:40  - Generating unique operation named: updateUsingPUT_1
2018-08-28 13:38:51.978 INFO  springfox.documentation.spring.web.readers.operation.CachingOperationNameGenerator Line:40  - Generating unique operation named: getPageUsingGET_1
2018-08-28 13:38:51.988 INFO  springfox.documentation.spring.web.readers.operation.CachingOperationNameGenerator Line:40  - Generating unique operation named: getTreeListUsingGET_1
2018-08-28 13:38:52.014 INFO  com.system.BaseClientApplicationTests Line:99  - Started BaseClientApplicationTests in 7.67 seconds (JVM running for 8.464)
2018-08-28 13:38:52.210 INFO  com.alibaba.druid.pool.DruidDataSource Line:1825 - {dataSource-1} closed
2018-09-30 15:26:37.550 INFO  org.springframework.context.annotation.AnnotationConfigApplicationContext Line:99  - Refreshing org.springframework.context.annotation.AnnotationConfigApplicationContext@6d07a63d: startup date [Sun Sep 30 15:26:37 CST 2018]; root of context hierarchy
2018-09-30 15:26:37.984 INFO  org.springframework.beans.factory.annotation.AutowiredAnnotationBeanPostProcessor Line:99  - JSR-330 'javax.inject.Inject' annotation found and supported for autowiring
2018-09-30 15:26:38.046 INFO  org.springframework.context.support.PostProcessorRegistrationDelegate$BeanPostProcessorChecker Line:99  - Bean 'configurationPropertiesRebinderAutoConfiguration' of type [org.springframework.cloud.autoconfigure.ConfigurationPropertiesRebinderAutoConfiguration$$EnhancerBySpringCGLIB$$b79ab780] is not eligible for getting processed by all BeanPostProcessors (for example: not eligible for auto-proxying)
2018-09-30 15:26:38.297 INFO  com.system.SystemAdminApplicationTests Line:99  - No active profile set, falling back to default profiles: default
2018-09-30 15:26:38.303 INFO  org.springframework.web.context.support.GenericWebApplicationContext Line:99  - Refreshing org.springframework.web.context.support.GenericWebApplicationContext@69c79f09: startup date [Sun Sep 30 15:26:38 CST 2018]; parent: org.springframework.context.annotation.AnnotationConfigApplicationContext@6d07a63d
2018-09-30 15:26:39.431 INFO  org.springframework.cloud.context.scope.GenericScope Line:99  - BeanFactory id=7f2d4767-45cb-374e-acd0-82b544ca21bb
2018-09-30 15:26:39.504 INFO  org.springframework.beans.factory.annotation.AutowiredAnnotationBeanPostProcessor Line:99  - JSR-330 'javax.inject.Inject' annotation found and supported for autowiring
2018-09-30 15:26:39.838 INFO  org.springframework.context.support.PostProcessorRegistrationDelegate$BeanPostProcessorChecker Line:99  - Bean 'org.springframework.transaction.annotation.ProxyTransactionManagementConfiguration' of type [org.springframework.transaction.annotation.ProxyTransactionManagementConfiguration$$EnhancerBySpringCGLIB$$9b80b483] is not eligible for getting processed by all BeanPostProcessors (for example: not eligible for auto-proxying)
2018-09-30 15:26:39.885 INFO  org.springframework.context.support.PostProcessorRegistrationDelegate$BeanPostProcessorChecker Line:99  - Bean 'org.springframework.cloud.autoconfigure.ConfigurationPropertiesRebinderAutoConfiguration' of type [org.springframework.cloud.autoconfigure.ConfigurationPropertiesRebinderAutoConfiguration$$EnhancerBySpringCGLIB$$b79ab780] is not eligible for getting processed by all BeanPostProcessors (for example: not eligible for auto-proxying)
2018-09-30 15:26:39.953 INFO  com.system.dao.BaseDao Line:56  - Dao实现类是：com.system.bean.Admin
2018-09-30 15:26:39.955 INFO  com.system.dao.BaseDao Line:60  - 表名是：sys_admin
2018-09-30 15:26:39.957 INFO  com.system.dao.BaseDao Line:63  - 主键字段是：id
2018-09-30 15:26:39.973 INFO  com.alibaba.druid.spring.boot.autoconfigure.DruidDataSourceAutoConfigure Line:56  - Init DruidDataSource
2018-09-30 15:26:44.271 INFO  com.alibaba.druid.pool.DruidDataSource Line:930 - {dataSource-1} inited
2018-09-30 15:26:44.411 INFO  com.system.dao.BaseDao Line:56  - Dao实现类是：com.system.bean.Dictionary
2018-09-30 15:26:44.412 INFO  com.system.dao.BaseDao Line:60  - 表名是：sys_dictionary
2018-09-30 15:26:44.413 INFO  com.system.dao.BaseDao Line:63  - 主键字段是：id
2018-09-30 15:26:44.455 INFO  com.system.dao.BaseDao Line:56  - Dao实现类是：com.system.bean.Permission
2018-09-30 15:26:44.455 INFO  com.system.dao.BaseDao Line:60  - 表名是：sys_permission
2018-09-30 15:26:44.456 INFO  com.system.dao.BaseDao Line:63  - 主键字段是：id
2018-09-30 15:26:44.511 INFO  com.system.dao.BaseDao Line:56  - Dao实现类是：com.system.bean.Role
2018-09-30 15:26:44.512 INFO  com.system.dao.BaseDao Line:60  - 表名是：sys_role
2018-09-30 15:26:44.513 INFO  com.system.dao.BaseDao Line:63  - 主键字段是：id
2018-09-30 15:26:44.540 INFO  com.system.dao.BaseDao Line:56  - Dao实现类是：com.system.bean.RolePer
2018-09-30 15:26:44.541 INFO  com.system.dao.BaseDao Line:60  - 表名是：sys_role_per
2018-09-30 15:26:44.541 INFO  com.system.dao.BaseDao Line:63  - 主键字段是：null
2018-09-30 15:26:45.040 INFO  org.springframework.web.servlet.mvc.method.annotation.RequestMappingHandlerMapping Line:99  - Mapped "{[/admin],methods=[PUT],produces=[application/json;charset=UTF-8]}" onto public java.lang.String com.system.controller.AdminController.update(com.system.bean.Admin)
2018-09-30 15:26:45.042 INFO  org.springframework.web.servlet.mvc.method.annotation.RequestMappingHandlerMapping Line:99  - Mapped "{[/admin/login],methods=[POST]}" onto public com.system.bean.Admin com.system.controller.AdminController.login(java.lang.String,java.lang.String,javax.servlet.http.HttpServletRequest)
2018-09-30 15:26:45.043 INFO  org.springframework.web.servlet.mvc.method.annotation.RequestMappingHandlerMapping Line:99  - Mapped "{[/admin/page/{page}],methods=[GET],produces=[application/json;charset=UTF-8]}" onto public java.lang.String com.system.controller.AdminController.getAdminPage(java.lang.Integer,java.lang.Integer)
2018-09-30 15:26:45.044 INFO  org.springframework.web.servlet.mvc.method.annotation.RequestMappingHandlerMapping Line:99  - Mapped "{[/admin/{id}],methods=[GET],produces=[application/json;charset=UTF-8]}" onto public java.lang.String com.system.controller.AdminController.getAdminById(java.lang.Integer)
2018-09-30 15:26:45.045 INFO  org.springframework.web.servlet.mvc.method.annotation.RequestMappingHandlerMapping Line:99  - Mapped "{[/admin],methods=[POST],produces=[application/json;charset=UTF-8]}" onto public java.lang.String com.system.controller.AdminController.addAdmin(com.system.bean.Admin,javax.servlet.http.HttpServletRequest)
2018-09-30 15:26:45.046 INFO  org.springframework.web.servlet.mvc.method.annotation.RequestMappingHandlerMapping Line:99  - Mapped "{[/admin/checkAccount],methods=[POST],produces=[application/json;charset=UTF-8]}" onto public java.lang.String com.system.controller.AdminController.checkAccount(java.lang.String,java.lang.Integer)
2018-09-30 15:26:45.047 INFO  org.springframework.web.servlet.mvc.method.annotation.RequestMappingHandlerMapping Line:99  - Mapped "{[/admin/{id}],methods=[DELETE],produces=[application/json;charset=UTF-8]}" onto public java.lang.String com.system.controller.AdminController.delAdmin(java.lang.Integer[])
2018-09-30 15:26:45.050 INFO  org.springframework.web.servlet.mvc.method.annotation.RequestMappingHandlerMapping Line:99  - Mapped "{[/dic],methods=[POST],produces=[application/json;charset=UTF-8]}" onto public java.lang.String com.system.controller.DictionaryController.add(com.system.bean.Dictionary)
2018-09-30 15:26:45.051 INFO  org.springframework.web.servlet.mvc.method.annotation.RequestMappingHandlerMapping Line:99  - Mapped "{[/dic],methods=[PUT],produces=[application/json;charset=UTF-8]}" onto public java.lang.String com.system.controller.DictionaryController.update(com.system.bean.Dictionary)
2018-09-30 15:26:45.052 INFO  org.springframework.web.servlet.mvc.method.annotation.RequestMappingHandlerMapping Line:99  - Mapped "{[/dic],methods=[DELETE],produces=[application/json;charset=UTF-8]}" onto public java.lang.String com.system.controller.DictionaryController.delete(java.lang.Integer[])
2018-09-30 15:26:45.053 INFO  org.springframework.web.servlet.mvc.method.annotation.RequestMappingHandlerMapping Line:99  - Mapped "{[/dic/check/value],methods=[GET],produces=[application/json;charset=UTF-8]}" onto public java.lang.String com.system.controller.DictionaryController.checkValue(java.lang.String,java.lang.Integer,java.lang.Integer)
2018-09-30 15:26:45.054 INFO  org.springframework.web.servlet.mvc.method.annotation.RequestMappingHandlerMapping Line:99  - Mapped "{[/dic/page/{page}],methods=[GET],produces=[application/json;charset=UTF-8]}" onto public java.lang.String com.system.controller.DictionaryController.getPage(java.lang.Integer,java.lang.Integer)
2018-09-30 15:26:45.055 INFO  org.springframework.web.servlet.mvc.method.annotation.RequestMappingHandlerMapping Line:99  - Mapped "{[/dic/{id}],methods=[GET],produces=[application/json;charset=UTF-8]}" onto public java.lang.String com.system.controller.DictionaryController.getDictionary(java.lang.Integer)
2018-09-30 15:26:45.056 INFO  org.springframework.web.servlet.mvc.method.annotation.RequestMappingHandlerMapping Line:99  - Mapped "{[/dic/check/code],methods=[GET],produces=[application/json;charset=UTF-8]}" onto public java.lang.String com.system.controller.DictionaryController.checkCode(java.lang.String,java.lang.Integer)
2018-09-30 15:26:45.061 INFO  org.springframework.web.servlet.mvc.method.annotation.RequestMappingHandlerMapping Line:99  - Mapped "{[/per/checkPath],methods=[GET],produces=[application/json;charset=UTF-8]}" onto public java.lang.String com.system.controller.PermissionController.checkPath(java.lang.String,java.lang.Integer,java.lang.Integer)
2018-09-30 15:26:45.062 INFO  org.springframework.web.servlet.mvc.method.annotation.RequestMappingHandlerMapping Line:99  - Mapped "{[/per],methods=[POST],produces=[application/json;charset=UTF-8]}" onto public java.lang.String com.system.controller.PermissionController.addPermission(com.system.bean.Permission)
2018-09-30 15:26:45.063 INFO  org.springframework.web.servlet.mvc.method.annotation.RequestMappingHandlerMapping Line:99  - Mapped "{[/per/list],methods=[POST]}" onto public java.util.List<com.system.bean.Permission> com.system.controller.PermissionController.getRoleFunction(int)
2018-09-30 15:26:45.065 INFO  org.springframework.web.servlet.mvc.method.annotation.RequestMappingHandlerMapping Line:99  - Mapped "{[/per],methods=[PUT],produces=[application/json;charset=UTF-8]}" onto public java.lang.String com.system.controller.PermissionController.updatePermission(com.system.bean.Permission)
2018-09-30 15:26:45.066 INFO  org.springframework.web.servlet.mvc.method.annotation.RequestMappingHandlerMapping Line:99  - Mapped "{[/per/{id}],methods=[DELETE],produces=[application/json;charset=UTF-8]}" onto public java.lang.String com.system.controller.PermissionController.deletePermission(java.lang.Integer)
2018-09-30 15:26:45.067 INFO  org.springframework.web.servlet.mvc.method.annotation.RequestMappingHandlerMapping Line:99  - Mapped "{[/per],methods=[GET],produces=[application/json;charset=UTF-8]}" onto public java.lang.String com.system.controller.PermissionController.getTreeList()
2018-09-30 15:26:45.068 INFO  org.springframework.web.servlet.mvc.method.annotation.RequestMappingHandlerMapping Line:99  - Mapped "{[/per/{id}],methods=[GET],produces=[application/json;charset=UTF-8]}" onto public java.lang.String com.system.controller.PermissionController.getPermissionById(java.lang.Integer)
2018-09-30 15:26:45.070 INFO  org.springframework.web.servlet.mvc.method.annotation.RequestMappingHandlerMapping Line:99  - Mapped "{[/role/{id}],methods=[GET],produces=[application/json;charset=UTF-8]}" onto public java.lang.String com.system.controller.RoleController.getRole(java.lang.Integer)
2018-09-30 15:26:45.071 INFO  org.springframework.web.servlet.mvc.method.annotation.RequestMappingHandlerMapping Line:99  - Mapped "{[/role],methods=[POST],produces=[application/json;charset=UTF-8]}" onto public java.lang.String com.system.controller.RoleController.addRole(com.system.bean.Role)
2018-09-30 15:26:45.074 INFO  org.springframework.web.servlet.mvc.method.annotation.RequestMappingHandlerMapping Line:99  - Mapped "{[/role/page/{page}],methods=[GET],produces=[application/json;charset=UTF-8]}" onto public java.lang.String com.system.controller.RoleController.getPage(java.lang.Integer,java.lang.Integer)
2018-09-30 15:26:45.075 INFO  org.springframework.web.servlet.mvc.method.annotation.RequestMappingHandlerMapping Line:99  - Mapped "{[/role/per/list/{role}],methods=[GET],produces=[application/json;charset=UTF-8]}" onto public java.lang.String com.system.controller.RoleController.getTreeList(java.lang.Integer)
2018-09-30 15:26:45.076 INFO  org.springframework.web.servlet.mvc.method.annotation.RequestMappingHandlerMapping Line:99  - Mapped "{[/role],methods=[PUT],produces=[application/json;charset=UTF-8]}" onto public java.lang.String com.system.controller.RoleController.updateRole(com.system.bean.Role)
2018-09-30 15:26:45.077 INFO  org.springframework.web.servlet.mvc.method.annotation.RequestMappingHandlerMapping Line:99  - Mapped "{[/role],methods=[GET],produces=[application/json;charset=UTF-8]}" onto public java.lang.String com.system.controller.RoleController.getList()
2018-09-30 15:26:45.078 INFO  org.springframework.web.servlet.mvc.method.annotation.RequestMappingHandlerMapping Line:99  - Mapped "{[/role/{ids}],methods=[DELETE]}" onto public java.lang.String com.system.controller.RoleController.deleteRole(java.lang.Integer[])
2018-09-30 15:26:45.078 INFO  org.springframework.web.servlet.mvc.method.annotation.RequestMappingHandlerMapping Line:99  - Mapped "{[/role/per/{role}],methods=[POST],produces=[application/json;charset=UTF-8]}" onto public java.lang.String com.system.controller.RoleController.addRolePer(java.lang.Integer,java.lang.String)
2018-09-30 15:26:45.081 INFO  org.springframework.web.servlet.mvc.method.annotation.RequestMappingHandlerMapping Line:99  - Mapped "{[/role/per/{role}],methods=[GET],produces=[application/json;charset=UTF-8]}" onto public java.lang.String com.system.controller.RoleController.getRolePer(java.lang.Integer)
2018-09-30 15:26:45.083 INFO  org.springframework.web.servlet.mvc.method.annotation.RequestMappingHandlerMapping Line:99  - Mapped "{[/v2/api-docs],methods=[GET],produces=[application/json || application/hal+json]}" onto public org.springframework.http.ResponseEntity<springfox.documentation.spring.web.json.Json> springfox.documentation.swagger2.web.Swagger2Controller.getDocumentation(java.lang.String,javax.servlet.http.HttpServletRequest)
2018-09-30 15:26:45.086 INFO  org.springframework.web.servlet.mvc.method.annotation.RequestMappingHandlerMapping Line:99  - Mapped "{[/swagger-resources/configuration/security]}" onto org.springframework.http.ResponseEntity<springfox.documentation.swagger.web.SecurityConfiguration> springfox.documentation.swagger.web.ApiResourceController.securityConfiguration()
2018-09-30 15:26:45.088 INFO  org.springframework.web.servlet.mvc.method.annotation.RequestMappingHandlerMapping Line:99  - Mapped "{[/swagger-resources/configuration/ui]}" onto org.springframework.http.ResponseEntity<springfox.documentation.swagger.web.UiConfiguration> springfox.documentation.swagger.web.ApiResourceController.uiConfiguration()
2018-09-30 15:26:45.089 INFO  org.springframework.web.servlet.mvc.method.annotation.RequestMappingHandlerMapping Line:99  - Mapped "{[/swagger-resources]}" onto org.springframework.http.ResponseEntity<java.util.List<springfox.documentation.swagger.web.SwaggerResource>> springfox.documentation.swagger.web.ApiResourceController.swaggerResources()
2018-09-30 15:26:45.095 INFO  org.springframework.web.servlet.mvc.method.annotation.RequestMappingHandlerMapping Line:99  - Mapped "{[/error]}" onto public org.springframework.http.ResponseEntity<java.util.Map<java.lang.String, java.lang.Object>> org.springframework.boot.autoconfigure.web.servlet.error.BasicErrorController.error(javax.servlet.http.HttpServletRequest)
2018-09-30 15:26:45.096 INFO  org.springframework.web.servlet.mvc.method.annotation.RequestMappingHandlerMapping Line:99  - Mapped "{[/error],produces=[text/html]}" onto public org.springframework.web.servlet.ModelAndView org.springframework.boot.autoconfigure.web.servlet.error.BasicErrorController.errorHtml(javax.servlet.http.HttpServletRequest,javax.servlet.http.HttpServletResponse)
2018-09-30 15:26:45.321 INFO  org.springframework.web.servlet.handler.SimpleUrlHandlerMapping Line:99  - Mapped URL path [/static/**] onto handler of type [class org.springframework.web.servlet.resource.ResourceHttpRequestHandler]
2018-09-30 15:26:45.322 INFO  org.springframework.web.servlet.handler.SimpleUrlHandlerMapping Line:99  - Mapped URL path [/swagger-ui.html] onto handler of type [class org.springframework.web.servlet.resource.ResourceHttpRequestHandler]
2018-09-30 15:26:45.323 INFO  org.springframework.web.servlet.handler.SimpleUrlHandlerMapping Line:99  - Mapped URL path [/webjars/**] onto handler of type [class org.springframework.web.servlet.resource.ResourceHttpRequestHandler]
2018-09-30 15:26:45.413 INFO  org.springframework.web.servlet.mvc.method.annotation.RequestMappingHandlerAdapter Line:99  - Looking for @ControllerAdvice: org.springframework.web.context.support.GenericWebApplicationContext@69c79f09: startup date [Sun Sep 30 15:26:38 CST 2018]; parent: org.springframework.context.annotation.AnnotationConfigApplicationContext@6d07a63d
2018-09-30 15:26:45.839 INFO  com.netflix.config.sources.URLConfigurationSource Line:122 - To enable URLs as dynamic configuration sources, define System property archaius.configurationSource.additionalUrls or make config.properties available on classpath.
2018-09-30 15:26:45.846 INFO  com.netflix.config.sources.URLConfigurationSource Line:122 - To enable URLs as dynamic configuration sources, define System property archaius.configurationSource.additionalUrls or make config.properties available on classpath.
2018-09-30 15:26:47.251 INFO  org.springframework.context.support.DefaultLifecycleProcessor Line:99  - Starting beans in phase 0
2018-09-30 15:26:47.264 INFO  org.springframework.context.support.DefaultLifecycleProcessor Line:99  - Starting beans in phase 2147483647
2018-09-30 15:26:47.264 INFO  springfox.documentation.spring.web.plugins.DocumentationPluginsBootstrapper Line:120 - Context refreshed
2018-09-30 15:26:47.288 INFO  springfox.documentation.spring.web.plugins.DocumentationPluginsBootstrapper Line:123 - Found 1 custom documentation plugin(s)
2018-09-30 15:26:47.311 INFO  springfox.documentation.spring.web.scanners.ApiListingReferenceScanner Line:41  - Scanning for api listing references
2018-09-30 15:26:47.515 INFO  springfox.documentation.spring.web.readers.operation.CachingOperationNameGenerator Line:40  - Generating unique operation named: updateUsingPUT_1
2018-09-30 15:26:47.571 INFO  springfox.documentation.spring.web.readers.operation.CachingOperationNameGenerator Line:40  - Generating unique operation named: getPageUsingGET_1
2018-09-30 15:26:47.582 INFO  springfox.documentation.spring.web.readers.operation.CachingOperationNameGenerator Line:40  - Generating unique operation named: getTreeListUsingGET_1
2018-09-30 15:26:47.609 INFO  com.system.SystemAdminApplicationTests Line:99  - Started SystemAdminApplicationTests in 10.721 seconds (JVM running for 11.523)
2018-09-30 15:26:47.771 INFO  org.springframework.web.context.support.GenericWebApplicationContext Line:99  - Closing org.springframework.web.context.support.GenericWebApplicationContext@69c79f09: startup date [Sun Sep 30 15:26:38 CST 2018]; parent: org.springframework.context.annotation.AnnotationConfigApplicationContext@6d07a63d
2018-09-30 15:26:47.802 INFO  com.alibaba.druid.pool.DruidDataSource Line:1825 - {dataSource-1} closed
2018-09-30 15:26:57.570 INFO  org.springframework.context.annotation.AnnotationConfigApplicationContext Line:99  - Refreshing org.springframework.context.annotation.AnnotationConfigApplicationContext@41005828: startup date [Sun Sep 30 15:26:57 CST 2018]; root of context hierarchy
2018-09-30 15:26:57.934 INFO  org.springframework.beans.factory.annotation.AutowiredAnnotationBeanPostProcessor Line:99  - JSR-330 'javax.inject.Inject' annotation found and supported for autowiring
2018-09-30 15:26:58.046 INFO  org.springframework.context.support.PostProcessorRegistrationDelegate$BeanPostProcessorChecker Line:99  - Bean 'configurationPropertiesRebinderAutoConfiguration' of type [org.springframework.cloud.autoconfigure.ConfigurationPropertiesRebinderAutoConfiguration$$EnhancerBySpringCGLIB$$599e60ec] is not eligible for getting processed by all BeanPostProcessors (for example: not eligible for auto-proxying)
2018-09-30 15:26:58.313 INFO  com.system.SystemAdminApplicationTests Line:99  - No active profile set, falling back to default profiles: default
2018-09-30 15:26:58.319 INFO  org.springframework.web.context.support.GenericWebApplicationContext Line:99  - Refreshing org.springframework.web.context.support.GenericWebApplicationContext@172ca72b: startup date [Sun Sep 30 15:26:58 CST 2018]; parent: org.springframework.context.annotation.AnnotationConfigApplicationContext@41005828
2018-09-30 15:26:59.423 INFO  org.springframework.cloud.context.scope.GenericScope Line:99  - BeanFactory id=7f2d4767-45cb-374e-acd0-82b544ca21bb
2018-09-30 15:26:59.507 INFO  org.springframework.beans.factory.annotation.AutowiredAnnotationBeanPostProcessor Line:99  - JSR-330 'javax.inject.Inject' annotation found and supported for autowiring
2018-09-30 15:26:59.851 INFO  org.springframework.context.support.PostProcessorRegistrationDelegate$BeanPostProcessorChecker Line:99  - Bean 'org.springframework.transaction.annotation.ProxyTransactionManagementConfiguration' of type [org.springframework.transaction.annotation.ProxyTransactionManagementConfiguration$$EnhancerBySpringCGLIB$$3d845def] is not eligible for getting processed by all BeanPostProcessors (for example: not eligible for auto-proxying)
2018-09-30 15:26:59.900 INFO  org.springframework.context.support.PostProcessorRegistrationDelegate$BeanPostProcessorChecker Line:99  - Bean 'org.springframework.cloud.autoconfigure.ConfigurationPropertiesRebinderAutoConfiguration' of type [org.springframework.cloud.autoconfigure.ConfigurationPropertiesRebinderAutoConfiguration$$EnhancerBySpringCGLIB$$599e60ec] is not eligible for getting processed by all BeanPostProcessors (for example: not eligible for auto-proxying)
2018-09-30 15:26:59.968 INFO  com.system.dao.BaseDao Line:56  - Dao实现类是：com.system.bean.Admin
2018-09-30 15:26:59.969 INFO  com.system.dao.BaseDao Line:60  - 表名是：sys_admin
2018-09-30 15:26:59.971 INFO  com.system.dao.BaseDao Line:63  - 主键字段是：id
2018-09-30 15:26:59.989 INFO  com.alibaba.druid.spring.boot.autoconfigure.DruidDataSourceAutoConfigure Line:56  - Init DruidDataSource
2018-09-30 15:27:02.076 INFO  com.alibaba.druid.pool.DruidDataSource Line:930 - {dataSource-1} inited
2018-09-30 15:27:02.222 INFO  com.system.dao.BaseDao Line:56  - Dao实现类是：com.system.bean.Dictionary
2018-09-30 15:27:02.223 INFO  com.system.dao.BaseDao Line:60  - 表名是：sys_dictionary
2018-09-30 15:27:02.224 INFO  com.system.dao.BaseDao Line:63  - 主键字段是：id
2018-09-30 15:27:02.267 INFO  com.system.dao.BaseDao Line:56  - Dao实现类是：com.system.bean.Permission
2018-09-30 15:27:02.267 INFO  com.system.dao.BaseDao Line:60  - 表名是：sys_permission
2018-09-30 15:27:02.268 INFO  com.system.dao.BaseDao Line:63  - 主键字段是：id
2018-09-30 15:27:02.298 INFO  com.system.dao.BaseDao Line:56  - Dao实现类是：com.system.bean.Role
2018-09-30 15:27:02.299 INFO  com.system.dao.BaseDao Line:60  - 表名是：sys_role
2018-09-30 15:27:02.299 INFO  com.system.dao.BaseDao Line:63  - 主键字段是：id
2018-09-30 15:27:02.323 INFO  com.system.dao.BaseDao Line:56  - Dao实现类是：com.system.bean.RolePer
2018-09-30 15:27:02.324 INFO  com.system.dao.BaseDao Line:60  - 表名是：sys_role_per
2018-09-30 15:27:02.325 INFO  com.system.dao.BaseDao Line:63  - 主键字段是：null
2018-09-30 15:27:02.872 INFO  org.springframework.web.servlet.mvc.method.annotation.RequestMappingHandlerMapping Line:99  - Mapped "{[/admin],methods=[PUT],produces=[application/json;charset=UTF-8]}" onto public java.lang.String com.system.controller.AdminController.update(com.system.bean.Admin)
2018-09-30 15:27:02.874 INFO  org.springframework.web.servlet.mvc.method.annotation.RequestMappingHandlerMapping Line:99  - Mapped "{[/admin/login],methods=[POST]}" onto public com.system.bean.Admin com.system.controller.AdminController.login(java.lang.String,java.lang.String,javax.servlet.http.HttpServletRequest)
2018-09-30 15:27:02.875 INFO  org.springframework.web.servlet.mvc.method.annotation.RequestMappingHandlerMapping Line:99  - Mapped "{[/admin/page/{page}],methods=[GET],produces=[application/json;charset=UTF-8]}" onto public java.lang.String com.system.controller.AdminController.getAdminPage(java.lang.Integer,java.lang.Integer)
2018-09-30 15:27:02.876 INFO  org.springframework.web.servlet.mvc.method.annotation.RequestMappingHandlerMapping Line:99  - Mapped "{[/admin/{id}],methods=[GET],produces=[application/json;charset=UTF-8]}" onto public java.lang.String com.system.controller.AdminController.getAdminById(java.lang.Integer)
2018-09-30 15:27:02.877 INFO  org.springframework.web.servlet.mvc.method.annotation.RequestMappingHandlerMapping Line:99  - Mapped "{[/admin],methods=[POST],produces=[application/json;charset=UTF-8]}" onto public java.lang.String com.system.controller.AdminController.addAdmin(com.system.bean.Admin,javax.servlet.http.HttpServletRequest)
2018-09-30 15:27:02.877 INFO  org.springframework.web.servlet.mvc.method.annotation.RequestMappingHandlerMapping Line:99  - Mapped "{[/admin/checkAccount],methods=[POST],produces=[application/json;charset=UTF-8]}" onto public java.lang.String com.system.controller.AdminController.checkAccount(java.lang.String,java.lang.Integer)
2018-09-30 15:27:02.878 INFO  org.springframework.web.servlet.mvc.method.annotation.RequestMappingHandlerMapping Line:99  - Mapped "{[/admin/{id}],methods=[DELETE],produces=[application/json;charset=UTF-8]}" onto public java.lang.String com.system.controller.AdminController.delAdmin(java.lang.Integer[])
2018-09-30 15:27:02.880 INFO  org.springframework.web.servlet.mvc.method.annotation.RequestMappingHandlerMapping Line:99  - Mapped "{[/dic],methods=[POST],produces=[application/json;charset=UTF-8]}" onto public java.lang.String com.system.controller.DictionaryController.add(com.system.bean.Dictionary)
2018-09-30 15:27:02.881 INFO  org.springframework.web.servlet.mvc.method.annotation.RequestMappingHandlerMapping Line:99  - Mapped "{[/dic],methods=[PUT],produces=[application/json;charset=UTF-8]}" onto public java.lang.String com.system.controller.DictionaryController.update(com.system.bean.Dictionary)
2018-09-30 15:27:02.883 INFO  org.springframework.web.servlet.mvc.method.annotation.RequestMappingHandlerMapping Line:99  - Mapped "{[/dic],methods=[DELETE],produces=[application/json;charset=UTF-8]}" onto public java.lang.String com.system.controller.DictionaryController.delete(java.lang.Integer[])
2018-09-30 15:27:02.884 INFO  org.springframework.web.servlet.mvc.method.annotation.RequestMappingHandlerMapping Line:99  - Mapped "{[/dic/check/value],methods=[GET],produces=[application/json;charset=UTF-8]}" onto public java.lang.String com.system.controller.DictionaryController.checkValue(java.lang.String,java.lang.Integer,java.lang.Integer)
2018-09-30 15:27:02.886 INFO  org.springframework.web.servlet.mvc.method.annotation.RequestMappingHandlerMapping Line:99  - Mapped "{[/dic/page/{page}],methods=[GET],produces=[application/json;charset=UTF-8]}" onto public java.lang.String com.system.controller.DictionaryController.getPage(java.lang.Integer,java.lang.Integer)
2018-09-30 15:27:02.887 INFO  org.springframework.web.servlet.mvc.method.annotation.RequestMappingHandlerMapping Line:99  - Mapped "{[/dic/{id}],methods=[GET],produces=[application/json;charset=UTF-8]}" onto public java.lang.String com.system.controller.DictionaryController.getDictionary(java.lang.Integer)
2018-09-30 15:27:02.890 INFO  org.springframework.web.servlet.mvc.method.annotation.RequestMappingHandlerMapping Line:99  - Mapped "{[/dic/check/code],methods=[GET],produces=[application/json;charset=UTF-8]}" onto public java.lang.String com.system.controller.DictionaryController.checkCode(java.lang.String,java.lang.Integer)
2018-09-30 15:27:02.898 INFO  org.springframework.web.servlet.mvc.method.annotation.RequestMappingHandlerMapping Line:99  - Mapped "{[/per/checkPath],methods=[GET],produces=[application/json;charset=UTF-8]}" onto public java.lang.String com.system.controller.PermissionController.checkPath(java.lang.String,java.lang.Integer,java.lang.Integer)
2018-09-30 15:27:02.899 INFO  org.springframework.web.servlet.mvc.method.annotation.RequestMappingHandlerMapping Line:99  - Mapped "{[/per/{id}],methods=[GET],produces=[application/json;charset=UTF-8]}" onto public java.lang.String com.system.controller.PermissionController.getPermissionById(java.lang.Integer)
2018-09-30 15:27:02.900 INFO  org.springframework.web.servlet.mvc.method.annotation.RequestMappingHandlerMapping Line:99  - Mapped "{[/per],methods=[POST],produces=[application/json;charset=UTF-8]}" onto public java.lang.String com.system.controller.PermissionController.addPermission(com.system.bean.Permission)
2018-09-30 15:27:02.901 INFO  org.springframework.web.servlet.mvc.method.annotation.RequestMappingHandlerMapping Line:99  - Mapped "{[/per/list],methods=[POST]}" onto public java.util.List<com.system.bean.Permission> com.system.controller.PermissionController.getRoleFunction(int)
2018-09-30 15:27:02.902 INFO  org.springframework.web.servlet.mvc.method.annotation.RequestMappingHandlerMapping Line:99  - Mapped "{[/per],methods=[PUT],produces=[application/json;charset=UTF-8]}" onto public java.lang.String com.system.controller.PermissionController.updatePermission(com.system.bean.Permission)
2018-09-30 15:27:02.903 INFO  org.springframework.web.servlet.mvc.method.annotation.RequestMappingHandlerMapping Line:99  - Mapped "{[/per/{id}],methods=[DELETE],produces=[application/json;charset=UTF-8]}" onto public java.lang.String com.system.controller.PermissionController.deletePermission(java.lang.Integer)
2018-09-30 15:27:02.906 INFO  org.springframework.web.servlet.mvc.method.annotation.RequestMappingHandlerMapping Line:99  - Mapped "{[/per],methods=[GET],produces=[application/json;charset=UTF-8]}" onto public java.lang.String com.system.controller.PermissionController.getTreeList()
2018-09-30 15:27:02.909 INFO  org.springframework.web.servlet.mvc.method.annotation.RequestMappingHandlerMapping Line:99  - Mapped "{[/role/{id}],methods=[GET],produces=[application/json;charset=UTF-8]}" onto public java.lang.String com.system.controller.RoleController.getRole(java.lang.Integer)
2018-09-30 15:27:02.911 INFO  org.springframework.web.servlet.mvc.method.annotation.RequestMappingHandlerMapping Line:99  - Mapped "{[/role],methods=[POST],produces=[application/json;charset=UTF-8]}" onto public java.lang.String com.system.controller.RoleController.addRole(com.system.bean.Role)
2018-09-30 15:27:02.911 INFO  org.springframework.web.servlet.mvc.method.annotation.RequestMappingHandlerMapping Line:99  - Mapped "{[/role/page/{page}],methods=[GET],produces=[application/json;charset=UTF-8]}" onto public java.lang.String com.system.controller.RoleController.getPage(java.lang.Integer,java.lang.Integer)
2018-09-30 15:27:02.912 INFO  org.springframework.web.servlet.mvc.method.annotation.RequestMappingHandlerMapping Line:99  - Mapped "{[/role/per/list/{role}],methods=[GET],produces=[application/json;charset=UTF-8]}" onto public java.lang.String com.system.controller.RoleController.getTreeList(java.lang.Integer)
2018-09-30 15:27:02.913 INFO  org.springframework.web.servlet.mvc.method.annotation.RequestMappingHandlerMapping Line:99  - Mapped "{[/role],methods=[PUT],produces=[application/json;charset=UTF-8]}" onto public java.lang.String com.system.controller.RoleController.updateRole(com.system.bean.Role)
2018-09-30 15:27:02.915 INFO  org.springframework.web.servlet.mvc.method.annotation.RequestMappingHandlerMapping Line:99  - Mapped "{[/role],methods=[GET],produces=[application/json;charset=UTF-8]}" onto public java.lang.String com.system.controller.RoleController.getList()
2018-09-30 15:27:02.916 INFO  org.springframework.web.servlet.mvc.method.annotation.RequestMappingHandlerMapping Line:99  - Mapped "{[/role/{ids}],methods=[DELETE]}" onto public java.lang.String com.system.controller.RoleController.deleteRole(java.lang.Integer[])
2018-09-30 15:27:02.917 INFO  org.springframework.web.servlet.mvc.method.annotation.RequestMappingHandlerMapping Line:99  - Mapped "{[/role/per/{role}],methods=[POST],produces=[application/json;charset=UTF-8]}" onto public java.lang.String com.system.controller.RoleController.addRolePer(java.lang.Integer,java.lang.String)
2018-09-30 15:27:02.919 INFO  org.springframework.web.servlet.mvc.method.annotation.RequestMappingHandlerMapping Line:99  - Mapped "{[/role/per/{role}],methods=[GET],produces=[application/json;charset=UTF-8]}" onto public java.lang.String com.system.controller.RoleController.getRolePer(java.lang.Integer)
2018-09-30 15:27:02.921 INFO  org.springframework.web.servlet.mvc.method.annotation.RequestMappingHandlerMapping Line:99  - Mapped "{[/v2/api-docs],methods=[GET],produces=[application/json || application/hal+json]}" onto public org.springframework.http.ResponseEntity<springfox.documentation.spring.web.json.Json> springfox.documentation.swagger2.web.Swagger2Controller.getDocumentation(java.lang.String,javax.servlet.http.HttpServletRequest)
2018-09-30 15:27:02.924 INFO  org.springframework.web.servlet.mvc.method.annotation.RequestMappingHandlerMapping Line:99  - Mapped "{[/swagger-resources/configuration/ui]}" onto org.springframework.http.ResponseEntity<springfox.documentation.swagger.web.UiConfiguration> springfox.documentation.swagger.web.ApiResourceController.uiConfiguration()
2018-09-30 15:27:02.927 INFO  org.springframework.web.servlet.mvc.method.annotation.RequestMappingHandlerMapping Line:99  - Mapped "{[/swagger-resources]}" onto org.springframework.http.ResponseEntity<java.util.List<springfox.documentation.swagger.web.SwaggerResource>> springfox.documentation.swagger.web.ApiResourceController.swaggerResources()
2018-09-30 15:27:02.928 INFO  org.springframework.web.servlet.mvc.method.annotation.RequestMappingHandlerMapping Line:99  - Mapped "{[/swagger-resources/configuration/security]}" onto org.springframework.http.ResponseEntity<springfox.documentation.swagger.web.SecurityConfiguration> springfox.documentation.swagger.web.ApiResourceController.securityConfiguration()
2018-09-30 15:27:02.944 INFO  org.springframework.web.servlet.mvc.method.annotation.RequestMappingHandlerMapping Line:99  - Mapped "{[/error]}" onto public org.springframework.http.ResponseEntity<java.util.Map<java.lang.String, java.lang.Object>> org.springframework.boot.autoconfigure.web.servlet.error.BasicErrorController.error(javax.servlet.http.HttpServletRequest)
2018-09-30 15:27:02.944 INFO  org.springframework.web.servlet.mvc.method.annotation.RequestMappingHandlerMapping Line:99  - Mapped "{[/error],produces=[text/html]}" onto public org.springframework.web.servlet.ModelAndView org.springframework.boot.autoconfigure.web.servlet.error.BasicErrorController.errorHtml(javax.servlet.http.HttpServletRequest,javax.servlet.http.HttpServletResponse)
2018-09-30 15:27:03.173 INFO  org.springframework.web.servlet.handler.SimpleUrlHandlerMapping Line:99  - Mapped URL path [/static/**] onto handler of type [class org.springframework.web.servlet.resource.ResourceHttpRequestHandler]
2018-09-30 15:27:03.174 INFO  org.springframework.web.servlet.handler.SimpleUrlHandlerMapping Line:99  - Mapped URL path [/swagger-ui.html] onto handler of type [class org.springframework.web.servlet.resource.ResourceHttpRequestHandler]
2018-09-30 15:27:03.175 INFO  org.springframework.web.servlet.handler.SimpleUrlHandlerMapping Line:99  - Mapped URL path [/webjars/**] onto handler of type [class org.springframework.web.servlet.resource.ResourceHttpRequestHandler]
2018-09-30 15:27:03.276 INFO  org.springframework.web.servlet.mvc.method.annotation.RequestMappingHandlerAdapter Line:99  - Looking for @ControllerAdvice: org.springframework.web.context.support.GenericWebApplicationContext@172ca72b: startup date [Sun Sep 30 15:26:58 CST 2018]; parent: org.springframework.context.annotation.AnnotationConfigApplicationContext@41005828
2018-09-30 15:27:03.643 INFO  com.netflix.config.sources.URLConfigurationSource Line:122 - To enable URLs as dynamic configuration sources, define System property archaius.configurationSource.additionalUrls or make config.properties available on classpath.
2018-09-30 15:27:03.650 INFO  com.netflix.config.sources.URLConfigurationSource Line:122 - To enable URLs as dynamic configuration sources, define System property archaius.configurationSource.additionalUrls or make config.properties available on classpath.
2018-09-30 15:27:05.021 INFO  org.springframework.context.support.DefaultLifecycleProcessor Line:99  - Starting beans in phase 0
2018-09-30 15:27:05.034 INFO  org.springframework.context.support.DefaultLifecycleProcessor Line:99  - Starting beans in phase 2147483647
2018-09-30 15:27:05.034 INFO  springfox.documentation.spring.web.plugins.DocumentationPluginsBootstrapper Line:120 - Context refreshed
2018-09-30 15:27:05.058 INFO  springfox.documentation.spring.web.plugins.DocumentationPluginsBootstrapper Line:123 - Found 1 custom documentation plugin(s)
2018-09-30 15:27:05.082 INFO  springfox.documentation.spring.web.scanners.ApiListingReferenceScanner Line:41  - Scanning for api listing references
2018-09-30 15:27:05.364 INFO  springfox.documentation.spring.web.readers.operation.CachingOperationNameGenerator Line:40  - Generating unique operation named: updateUsingPUT_1
2018-09-30 15:27:05.433 INFO  springfox.documentation.spring.web.readers.operation.CachingOperationNameGenerator Line:40  - Generating unique operation named: getPageUsingGET_1
2018-09-30 15:27:05.444 INFO  springfox.documentation.spring.web.readers.operation.CachingOperationNameGenerator Line:40  - Generating unique operation named: getTreeListUsingGET_1
2018-09-30 15:27:05.469 INFO  com.system.SystemAdminApplicationTests Line:99  - Started SystemAdminApplicationTests in 8.648 seconds (JVM running for 9.445)
2018-09-30 15:27:05.621 INFO  org.springframework.web.context.support.GenericWebApplicationContext Line:99  - Closing org.springframework.web.context.support.GenericWebApplicationContext@172ca72b: startup date [Sun Sep 30 15:26:58 CST 2018]; parent: org.springframework.context.annotation.AnnotationConfigApplicationContext@41005828
2018-09-30 15:27:05.646 INFO  com.alibaba.druid.pool.DruidDataSource Line:1825 - {dataSource-1} closed
